TN:verilator_coverage
SF:/home/lxt/env-xs-ov-00-bpu/./rtl/FTB/FTBBank.sv
DA:59,55590
DA:60,39
DA:61,15
DA:62,107
DA:63,7
DA:64,4409
DA:65,54
DA:66,1
DA:67,63
DA:68,1
DA:69,1115
DA:70,54
DA:71,2
DA:72,1124
DA:73,2
DA:74,1114
DA:75,54
DA:76,2
DA:77,1076
DA:78,399
DA:79,417
DA:80,430
DA:81,1
DA:82,5
DA:83,5
DA:84,55
DA:85,85
DA:86,71
DA:87,4246
DA:88,80
DA:89,61
DA:90,70
DA:91,4235
DA:92,77
DA:93,3
DA:94,8
DA:95,27
DA:96,6
DA:97,1062
DA:98,1
DA:99,9
DA:100,1088
DA:101,2
DA:102,1064
DA:103,4
DA:104,4
DA:105,1080
DA:106,395
DA:107,414
DA:108,432
DA:109,2
DA:110,7
DA:111,5
DA:112,93
DA:113,63
DA:114,85
DA:197,76
DA:198,54
DA:199,4
DA:200,77
DA:201,7
DA:202,1045
DA:203,54
DA:204,5
DA:205,1075
DA:206,4
DA:207,1046
DA:208,53
DA:209,7
DA:210,1064
DA:211,387
DA:212,421
DA:213,411
DA:214,2
DA:215,13
DA:216,6
DA:217,36
DA:218,32
DA:219,6
DA:220,53
DA:221,4
DA:222,1118
DA:223,32
DA:224,8
DA:225,1149
DA:226,4
DA:227,1119
DA:228,32
DA:229,6
DA:230,1055
DA:231,381
DA:232,400
DA:233,504
DA:234,1
DA:235,3
DA:236,8
DA:237,68
DA:238,23
DA:239,8
DA:240,41
DA:241,2
DA:242,1158
DA:243,23
DA:244,5
DA:245,1184
DA:246,5
DA:247,1159
DA:248,24
DA:249,3
DA:250,1109
DA:251,394
DA:252,334
DA:253,357
DA:254,3
DA:255,4
DA:256,4
DA:257,55
DA:258,23
DA:259,5
DA:260,37
DA:261,3
DA:262,1047
DA:263,21
DA:264,4
DA:265,1076
DA:266,2
DA:267,1047
DA:268,22
DA:269,6
DA:270,1010
DA:271,368
DA:272,445
DA:273,376
DA:274,1
DA:275,1
DA:276,2
DA:277,75
DA:278,54
DA:282,31
DA:286,24
DA:290,21
DA:294,218
DA:295,4177
DA:296,95
DA:297,44
DA:300,28
DA:303,27
DA:306,26
DA:309,55
DA:310,85
DA:312,71
DA:313,70
DA:314,20
DA:317,70
DA:318,17
DA:321,70
DA:322,13
DA:325,19
DA:326,181
DA:327,20
DA:328,25
DA:329,17
DA:330,15
DA:331,15
DA:332,15
DA:333,15
DA:334,15
DA:335,15
DA:336,14
DA:337,16
DA:338,15
DA:339,13
DA:340,14
DA:341,12
DA:342,13
DA:343,15
DA:344,14
DA:345,15
DA:346,14
DA:347,13
DA:348,12
DA:349,12
DA:350,12
DA:351,12
DA:352,12
DA:353,13
DA:354,13
DA:355,14
DA:356,15
DA:357,12
DA:358,12
DA:359,12
DA:360,13
DA:361,15
DA:362,13
DA:363,12
DA:364,14
DA:365,13
DA:366,13
DA:367,13
DA:368,12
DA:369,14
DA:370,14
DA:371,14
DA:372,14
DA:373,13
DA:374,13
DA:375,15
DA:376,15
DA:377,14
DA:378,13
DA:379,12
DA:380,15
DA:381,13
DA:382,13
DA:383,14
DA:384,13
DA:385,13
DA:386,13
DA:387,14
DA:388,14
DA:389,13
DA:390,13
DA:391,13
DA:392,13
DA:393,13
DA:394,14
DA:395,13
DA:396,12
DA:397,13
DA:398,13
DA:399,13
DA:400,12
DA:401,15
DA:402,12
DA:403,12
DA:404,15
DA:405,12
DA:406,13
DA:407,14
DA:408,12
DA:409,13
DA:410,14
DA:411,13
DA:412,13
DA:413,14
DA:414,13
DA:415,13
DA:416,12
DA:417,14
DA:418,12
DA:419,14
DA:420,15
DA:421,12
DA:422,13
DA:423,12
DA:424,14
DA:425,14
DA:426,12
DA:427,13
DA:428,13
DA:429,12
DA:430,14
DA:431,13
DA:432,13
DA:433,14
DA:434,13
DA:435,12
DA:436,13
DA:437,13
DA:438,14
DA:439,14
DA:440,13
DA:441,14
DA:442,14
DA:443,13
DA:444,13
DA:445,13
DA:446,14
DA:447,13
DA:448,13
DA:449,13
DA:450,14
DA:451,14
DA:452,12
DA:453,14
DA:454,13
DA:455,13
DA:456,13
DA:457,13
DA:458,14
DA:459,14
DA:460,14
DA:461,13
DA:462,14
DA:463,14
DA:464,13
DA:465,12
DA:466,14
DA:467,15
DA:468,13
DA:469,13
DA:470,14
DA:471,14
DA:472,14
DA:473,15
DA:474,15
DA:475,13
DA:476,14
DA:477,12
DA:478,14
DA:479,15
DA:480,14
DA:481,13
DA:482,14
DA:483,14
DA:484,15
DA:485,13
DA:486,13
DA:487,13
DA:488,13
DA:489,14
DA:490,14
DA:491,14
DA:492,14
DA:493,13
DA:494,14
DA:495,13
DA:496,13
DA:497,12
DA:498,12
DA:499,14
DA:500,14
DA:501,14
DA:502,13
DA:503,13
DA:504,13
DA:505,13
DA:506,13
DA:507,14
DA:508,14
DA:509,14
DA:510,14
DA:511,13
DA:512,14
DA:513,12
DA:514,14
DA:515,13
DA:516,15
DA:517,13
DA:518,14
DA:519,13
DA:520,12
DA:521,13
DA:522,12
DA:523,14
DA:524,14
DA:525,12
DA:526,14
DA:527,15
DA:528,13
DA:529,15
DA:530,14
DA:531,12
DA:532,14
DA:533,13
DA:534,14
DA:535,15
DA:536,14
DA:537,14
DA:538,14
DA:539,13
DA:540,12
DA:541,13
DA:542,14
DA:543,13
DA:544,13
DA:545,14
DA:546,13
DA:547,14
DA:548,13
DA:549,14
DA:550,13
DA:551,14
DA:552,14
DA:553,13
DA:554,14
DA:555,12
DA:556,14
DA:557,14
DA:558,13
DA:559,13
DA:560,13
DA:561,14
DA:562,13
DA:563,13
DA:564,13
DA:565,14
DA:566,14
DA:567,12
DA:568,14
DA:569,14
DA:570,13
DA:571,15
DA:572,13
DA:573,14
DA:574,13
DA:575,14
DA:576,12
DA:577,13
DA:578,13
DA:579,15
DA:580,12
DA:581,13
DA:582,12
DA:583,12
DA:584,13
DA:585,14
DA:586,15
DA:587,13
DA:588,13
DA:589,12
DA:590,13
DA:591,14
DA:592,14
DA:593,12
DA:594,15
DA:595,14
DA:596,13
DA:597,14
DA:598,14
DA:599,13
DA:600,15
DA:601,15
DA:602,15
DA:603,15
DA:604,12
DA:605,15
DA:606,14
DA:607,13
DA:608,13
DA:609,14
DA:610,13
DA:611,13
DA:612,15
DA:613,14
DA:614,14
DA:615,14
DA:616,12
DA:617,14
DA:618,14
DA:619,12
DA:620,15
DA:621,14
DA:622,15
DA:623,15
DA:624,13
DA:625,15
DA:626,12
DA:627,14
DA:628,12
DA:629,13
DA:630,15
DA:631,14
DA:632,13
DA:633,14
DA:634,14
DA:635,12
DA:636,12
DA:637,15
DA:638,13
DA:639,13
DA:640,13
DA:641,15
DA:642,14
DA:643,12
DA:644,13
DA:645,14
DA:646,14
DA:647,12
DA:648,14
DA:649,12
DA:650,13
DA:651,13
DA:652,13
DA:653,15
DA:654,14
DA:655,14
DA:656,13
DA:657,15
DA:658,13
DA:659,15
DA:660,15
DA:661,13
DA:662,13
DA:663,14
DA:664,12
DA:665,15
DA:666,15
DA:667,13
DA:668,14
DA:669,14
DA:670,14
DA:671,14
DA:672,14
DA:673,14
DA:674,13
DA:675,14
DA:676,13
DA:677,13
DA:678,14
DA:679,14
DA:680,14
DA:681,12
DA:682,14
DA:683,13
DA:684,13
DA:685,13
DA:686,13
DA:687,14
DA:688,14
DA:689,14
DA:690,14
DA:691,13
DA:692,13
DA:693,14
DA:694,14
DA:695,13
DA:696,14
DA:697,15
DA:698,13
DA:699,14
DA:700,15
DA:701,13
DA:702,13
DA:703,12
DA:704,12
DA:705,14
DA:706,13
DA:707,15
DA:708,13
DA:709,14
DA:710,13
DA:711,14
DA:712,12
DA:713,14
DA:714,14
DA:715,14
DA:716,15
DA:717,15
DA:718,14
DA:719,13
DA:720,15
DA:721,14
DA:722,13
DA:723,12
DA:724,14
DA:725,14
DA:726,13
DA:727,14
DA:728,15
DA:729,14
DA:730,13
DA:731,13
DA:732,13
DA:733,13
DA:734,14
DA:735,14
DA:736,12
DA:737,13
DA:738,15
DA:739,14
DA:740,14
DA:741,13
DA:742,13
DA:743,13
DA:744,14
DA:745,13
DA:746,13
DA:747,13
DA:748,13
DA:749,13
DA:750,14
DA:751,14
DA:752,13
DA:753,14
DA:754,14
DA:755,14
DA:756,12
DA:757,13
DA:758,15
DA:759,13
DA:760,13
DA:761,13
DA:762,15
DA:763,13
DA:764,13
DA:765,14
DA:766,12
DA:767,15
DA:768,13
DA:769,13
DA:770,14
DA:771,14
DA:772,14
DA:773,15
DA:774,13
DA:775,14
DA:776,13
DA:777,15
DA:778,13
DA:779,13
DA:780,12
DA:781,13
DA:782,13
DA:783,14
DA:784,12
DA:785,14
DA:786,15
DA:787,13
DA:788,13
DA:789,14
DA:790,13
DA:791,14
DA:792,13
DA:793,14
DA:794,14
DA:795,14
DA:796,14
DA:797,13
DA:798,13
DA:799,12
DA:800,15
DA:801,13
DA:802,14
DA:803,14
DA:804,13
DA:805,14
DA:806,13
DA:807,17
DA:808,14
DA:809,13
DA:810,13
DA:811,14
DA:812,13
DA:813,13
DA:814,14
DA:815,14
DA:816,14
DA:817,14
DA:818,13
DA:819,14
DA:820,14
DA:821,14
DA:822,12
DA:823,12
DA:824,13
DA:825,14
DA:826,14
DA:827,12
DA:828,15
DA:829,12
DA:830,13
DA:831,14
DA:832,13
DA:833,14
DA:834,13
DA:835,14
DA:836,13
DA:837,4182
DA:838,56
DA:839,87
DA:840,80
DA:841,53
DA:842,39
DA:843,35
DA:1360,141
DA:1371,55590
DA:1372,27795
DA:1373,5221
DA:1374,22574
DA:1375,22574
DA:1376,22574
DA:1377,22574
DA:1378,22574
DA:1379,22574
DA:1380,22574
DA:1381,22574
DA:1382,22574
DA:1383,22574
DA:1384,22574
DA:1385,22574
DA:1386,22574
DA:1387,22574
DA:1388,22574
DA:1389,22574
DA:1390,22574
DA:1391,22574
DA:1392,22574
DA:1393,22574
DA:1394,22574
DA:1395,22574
DA:1396,22574
DA:1397,22574
DA:1398,22574
DA:1399,22574
DA:1400,22574
DA:1401,22574
DA:1402,22574
DA:1403,22574
DA:1404,22574
DA:1405,22574
DA:1406,22574
DA:1407,22574
DA:1408,22574
DA:1409,22574
DA:1410,22574
DA:1411,22574
DA:1412,22574
DA:1413,22574
DA:1414,22574
DA:1415,22574
DA:1416,22574
DA:1417,22574
DA:1418,22574
DA:1419,22574
DA:1420,22574
DA:1421,22574
DA:1422,22574
DA:1423,22574
DA:1424,22574
DA:1425,22574
DA:1426,22574
DA:1427,22574
DA:1428,22574
DA:1429,22574
DA:1430,22574
DA:1431,22574
DA:1432,22574
DA:1433,22574
DA:1434,22574
DA:1435,22574
DA:1436,22574
DA:1437,22574
DA:1438,22574
DA:1439,22574
DA:1440,22574
DA:1441,22574
DA:1442,22574
DA:1443,22574
DA:1444,22574
DA:1445,22574
DA:1446,22574
DA:1447,22574
DA:1448,22574
DA:1449,22574
DA:1450,22574
DA:1451,22574
DA:1452,22574
DA:1453,22574
DA:1454,22574
DA:1455,22574
DA:1456,22574
DA:1457,22574
DA:1458,22574
DA:1459,22574
DA:1460,22574
DA:1461,22574
DA:1462,22574
DA:1463,22574
DA:1464,22574
DA:1465,22574
DA:1466,22574
DA:1467,22574
DA:1468,22574
DA:1469,22574
DA:1470,22574
DA:1471,22574
DA:1472,22574
DA:1473,22574
DA:1474,22574
DA:1475,22574
DA:1476,22574
DA:1477,22574
DA:1478,22574
DA:1479,22574
DA:1480,22574
DA:1481,22574
DA:1482,22574
DA:1483,22574
DA:1484,22574
DA:1485,22574
DA:1486,22574
DA:1487,22574
DA:1488,22574
DA:1489,22574
DA:1490,22574
DA:1491,22574
DA:1492,22574
DA:1493,22574
DA:1494,22574
DA:1495,22574
DA:1496,22574
DA:1497,22574
DA:1498,22574
DA:1499,22574
DA:1500,22574
DA:1501,22574
DA:1502,22574
DA:1503,22574
DA:1504,22574
DA:1505,22574
DA:1507,2032
DA:1508,25763
DA:1509,25763
DA:1511,6380
DA:1512,3190
DA:1513,27795
DA:1514,27795
DA:1515,27795
DA:1516,27795
DA:1517,27795
DA:1518,27795
DA:1519,27795
DA:1520,27795
DA:1521,27795
DA:1522,27795
DA:1523,27795
DA:1525,8343
DA:1527,102
DA:1529,153
DA:1531,55628
DA:1532,78
DA:1533,39
DA:1534,39
DA:1535,39
DA:1536,39
DA:1537,39
DA:1538,39
DA:1539,39
DA:1540,39
DA:1541,39
DA:1542,39
DA:1543,39
DA:1544,39
DA:1545,39
DA:1546,39
DA:1547,39
DA:1548,39
DA:1549,39
DA:1550,39
DA:1551,39
DA:1552,39
DA:1553,39
DA:1554,39
DA:1555,39
DA:1556,39
DA:1557,39
DA:1558,39
DA:1559,39
DA:1560,39
DA:1561,39
DA:1562,39
DA:1563,39
DA:1564,39
DA:1565,39
DA:1566,39
DA:1567,39
DA:1568,39
DA:1569,39
DA:1570,39
DA:1571,39
DA:1572,39
DA:1573,39
DA:1574,39
DA:1575,39
DA:1576,39
DA:1577,39
DA:1578,39
DA:1579,39
DA:1580,39
DA:1581,39
DA:1582,39
DA:1583,39
DA:1584,39
DA:1585,39
DA:1586,39
DA:1587,39
DA:1588,39
DA:1589,39
DA:1590,39
DA:1591,39
DA:1592,39
DA:1593,39
DA:1594,39
DA:1595,39
DA:1596,39
DA:1597,39
DA:1598,39
DA:1599,39
DA:1600,39
DA:1601,39
DA:1602,39
DA:1603,39
DA:1604,39
DA:1605,39
DA:1606,39
DA:1607,39
DA:1608,39
DA:1609,39
DA:1610,39
DA:1611,39
DA:1612,39
DA:1613,39
DA:1614,39
DA:1615,39
DA:1616,39
DA:1617,39
DA:1618,39
DA:1619,39
DA:1620,39
DA:1621,39
DA:1622,39
DA:1623,39
DA:1624,39
DA:1625,39
DA:1626,39
DA:1627,39
DA:1628,39
DA:1629,39
DA:1630,39
DA:1631,39
DA:1632,39
DA:1633,39
DA:1634,39
DA:1635,39
DA:1636,39
DA:1637,39
DA:1638,39
DA:1639,39
DA:1640,39
DA:1641,39
DA:1642,39
DA:1643,39
DA:1644,39
DA:1645,39
DA:1646,39
DA:1647,39
DA:1648,39
DA:1649,39
DA:1650,39
DA:1651,39
DA:1652,39
DA:1653,39
DA:1654,39
DA:1655,39
DA:1656,39
DA:1657,39
DA:1658,39
DA:1659,39
DA:1660,39
DA:1661,39
DA:1662,39
DA:1663,39
DA:1664,39
DA:1665,39
DA:1666,39
DA:1667,39
DA:1668,39
DA:1669,39
DA:1670,39
DA:1671,39
DA:1672,39
DA:1673,39
DA:1674,39
DA:1675,39
DA:1676,39
DA:1677,39
DA:1678,39
DA:1679,39
DA:1680,39
DA:1681,39
DA:1682,39
DA:1683,39
DA:1684,39
DA:1685,39
DA:1686,39
DA:1687,39
DA:1688,39
DA:1689,39
DA:1690,39
DA:1691,39
DA:1692,39
DA:1693,39
DA:1694,39
DA:1695,39
DA:1696,39
DA:1697,39
DA:1698,39
DA:1699,39
DA:1700,39
DA:1701,39
DA:1702,39
DA:1703,39
DA:1704,39
DA:1705,39
DA:1706,39
DA:1707,39
DA:1708,39
DA:1709,39
DA:1710,39
DA:1711,39
DA:1712,39
DA:1713,39
DA:1714,39
DA:1715,39
DA:1716,39
DA:1717,39
DA:1718,39
DA:1719,39
DA:1720,39
DA:1721,39
DA:1722,39
DA:1723,39
DA:1724,39
DA:1725,39
DA:1726,39
DA:1727,39
DA:1728,39
DA:1729,39
DA:1730,39
DA:1731,39
DA:1732,39
DA:1733,39
DA:1734,39
DA:1735,39
DA:1736,39
DA:1737,39
DA:1738,39
DA:1739,39
DA:1740,39
DA:1741,39
DA:1742,39
DA:1743,39
DA:1744,39
DA:1745,39
DA:1746,39
DA:1747,39
DA:1748,39
DA:1749,39
DA:1750,39
DA:1751,39
DA:1752,39
DA:1753,39
DA:1754,39
DA:1755,39
DA:1756,39
DA:1757,39
DA:1758,39
DA:1759,39
DA:1760,39
DA:1761,39
DA:1762,39
DA:1763,39
DA:1764,39
DA:1765,39
DA:1766,39
DA:1767,39
DA:1768,39
DA:1769,39
DA:1770,39
DA:1771,39
DA:1772,39
DA:1773,39
DA:1774,39
DA:1775,39
DA:1776,39
DA:1777,39
DA:1778,39
DA:1779,39
DA:1780,39
DA:1781,39
DA:1782,39
DA:1783,39
DA:1784,39
DA:1785,39
DA:1786,39
DA:1787,39
DA:1788,39
DA:1789,39
DA:1790,39
DA:1791,39
DA:1792,39
DA:1793,39
DA:1794,39
DA:1795,39
DA:1796,39
DA:1797,39
DA:1798,39
DA:1799,39
DA:1800,39
DA:1801,39
DA:1802,39
DA:1803,39
DA:1804,39
DA:1805,39
DA:1806,39
DA:1807,39
DA:1808,39
DA:1809,39
DA:1810,39
DA:1811,39
DA:1812,39
DA:1813,39
DA:1814,39
DA:1815,39
DA:1816,39
DA:1817,39
DA:1818,39
DA:1819,39
DA:1820,39
DA:1821,39
DA:1822,39
DA:1823,39
DA:1824,39
DA:1825,39
DA:1826,39
DA:1827,39
DA:1828,39
DA:1829,39
DA:1830,39
DA:1831,39
DA:1832,39
DA:1833,39
DA:1834,39
DA:1835,39
DA:1836,39
DA:1837,39
DA:1838,39
DA:1839,39
DA:1840,39
DA:1841,39
DA:1842,39
DA:1843,39
DA:1844,39
DA:1845,39
DA:1846,39
DA:1847,39
DA:1848,39
DA:1849,39
DA:1850,39
DA:1851,39
DA:1852,39
DA:1853,39
DA:1854,39
DA:1855,39
DA:1856,39
DA:1857,39
DA:1858,39
DA:1859,39
DA:1860,39
DA:1861,39
DA:1862,39
DA:1863,39
DA:1864,39
DA:1865,39
DA:1866,39
DA:1867,39
DA:1868,39
DA:1869,39
DA:1870,39
DA:1871,39
DA:1872,39
DA:1873,39
DA:1874,39
DA:1875,39
DA:1876,39
DA:1877,39
DA:1878,39
DA:1879,39
DA:1880,39
DA:1881,39
DA:1882,39
DA:1883,39
DA:1884,39
DA:1885,39
DA:1886,39
DA:1887,39
DA:1888,39
DA:1889,39
DA:1890,39
DA:1891,39
DA:1892,39
DA:1893,39
DA:1894,39
DA:1895,39
DA:1896,39
DA:1897,39
DA:1898,39
DA:1899,39
DA:1900,39
DA:1901,39
DA:1902,39
DA:1903,39
DA:1904,39
DA:1905,39
DA:1906,39
DA:1907,39
DA:1908,39
DA:1909,39
DA:1910,39
DA:1911,39
DA:1912,39
DA:1913,39
DA:1914,39
DA:1915,39
DA:1916,39
DA:1917,39
DA:1918,39
DA:1919,39
DA:1920,39
DA:1921,39
DA:1922,39
DA:1923,39
DA:1924,39
DA:1925,39
DA:1926,39
DA:1927,39
DA:1928,39
DA:1929,39
DA:1930,39
DA:1931,39
DA:1932,39
DA:1933,39
DA:1934,39
DA:1935,39
DA:1936,39
DA:1937,39
DA:1938,39
DA:1939,39
DA:1940,39
DA:1941,39
DA:1942,39
DA:1943,39
DA:1944,39
DA:1945,39
DA:1946,39
DA:1947,39
DA:1948,39
DA:1949,39
DA:1950,39
DA:1951,39
DA:1952,39
DA:1953,39
DA:1954,39
DA:1955,39
DA:1956,39
DA:1957,39
DA:1958,39
DA:1959,39
DA:1960,39
DA:1961,39
DA:1962,39
DA:1963,39
DA:1964,39
DA:1965,39
DA:1966,39
DA:1967,39
DA:1968,39
DA:1969,39
DA:1970,39
DA:1971,39
DA:1972,39
DA:1973,39
DA:1974,39
DA:1975,39
DA:1976,39
DA:1977,39
DA:1978,39
DA:1979,39
DA:1980,39
DA:1981,39
DA:1982,39
DA:1983,39
DA:1984,39
DA:1985,39
DA:1986,39
DA:1987,39
DA:1988,39
DA:1989,39
DA:1990,39
DA:1991,39
DA:1992,39
DA:1993,39
DA:1994,39
DA:1995,39
DA:1996,39
DA:1997,39
DA:1998,39
DA:1999,39
DA:2000,39
DA:2001,39
DA:2002,39
DA:2003,39
DA:2004,39
DA:2005,39
DA:2006,39
DA:2007,39
DA:2008,39
DA:2009,39
DA:2010,39
DA:2011,39
DA:2012,39
DA:2013,39
DA:2014,39
DA:2015,39
DA:2016,39
DA:2017,39
DA:2018,39
DA:2019,39
DA:2020,39
DA:2021,39
DA:2022,39
DA:2023,39
DA:2024,39
DA:2025,39
DA:2026,39
DA:2027,39
DA:2028,39
DA:2029,39
DA:2030,39
DA:2031,39
DA:2032,39
DA:2033,39
DA:2034,39
DA:2035,39
DA:2036,39
DA:2037,39
DA:2038,39
DA:2039,39
DA:2040,39
DA:2041,39
DA:2042,39
DA:2043,39
DA:2044,39
DA:2046,27775
DA:2047,46
DA:2048,23
DA:2049,23
DA:2050,23
DA:2051,23
DA:2052,2644
DA:2053,1322
DA:2054,1322
DA:2055,1322
DA:2056,1322
DA:2057,48
DA:2058,24
DA:2059,24
DA:2060,24
DA:2061,24
DA:2062,54
DA:2063,27
DA:2064,27
DA:2065,27
DA:2066,27
DA:2067,34
DA:2068,17
DA:2069,17
DA:2070,17
DA:2071,17
DA:2072,34
DA:2073,17
DA:2074,17
DA:2075,17
DA:2076,17
DA:2077,34
DA:2078,17
DA:2079,17
DA:2080,17
DA:2081,17
DA:2082,34
DA:2083,17
DA:2084,17
DA:2085,17
DA:2086,17
DA:2087,34
DA:2088,17
DA:2089,17
DA:2090,17
DA:2091,17
DA:2092,34
DA:2093,17
DA:2094,17
DA:2095,17
DA:2096,17
DA:2097,34
DA:2098,17
DA:2099,17
DA:2100,17
DA:2101,17
DA:2102,34
DA:2103,17
DA:2104,17
DA:2105,17
DA:2106,17
DA:2107,34
DA:2108,17
DA:2109,17
DA:2110,17
DA:2111,17
DA:2112,34
DA:2113,17
DA:2114,17
DA:2115,17
DA:2116,17
DA:2117,32
DA:2118,16
DA:2119,16
DA:2120,16
DA:2121,16
DA:2122,32
DA:2123,16
DA:2124,16
DA:2125,16
DA:2126,16
DA:2127,32
DA:2128,16
DA:2129,16
DA:2130,16
DA:2131,16
DA:2132,32
DA:2133,16
DA:2134,16
DA:2135,16
DA:2136,16
DA:2137,32
DA:2138,16
DA:2139,16
DA:2140,16
DA:2141,16
DA:2142,32
DA:2143,16
DA:2144,16
DA:2145,16
DA:2146,16
DA:2147,32
DA:2148,16
DA:2149,16
DA:2150,16
DA:2151,16
DA:2152,32
DA:2153,16
DA:2154,16
DA:2155,16
DA:2156,16
DA:2157,32
DA:2158,16
DA:2159,16
DA:2160,16
DA:2161,16
DA:2162,32
DA:2163,16
DA:2164,16
DA:2165,16
DA:2166,16
DA:2167,32
DA:2168,16
DA:2169,16
DA:2170,16
DA:2171,16
DA:2172,32
DA:2173,16
DA:2174,16
DA:2175,16
DA:2176,16
DA:2177,32
DA:2178,16
DA:2179,16
DA:2180,16
DA:2181,16
DA:2182,32
DA:2183,16
DA:2184,16
DA:2185,16
DA:2186,16
DA:2187,32
DA:2188,16
DA:2189,16
DA:2190,16
DA:2191,16
DA:2192,32
DA:2193,16
DA:2194,16
DA:2195,16
DA:2196,16
DA:2197,32
DA:2198,16
DA:2199,16
DA:2200,16
DA:2201,16
DA:2202,32
DA:2203,16
DA:2204,16
DA:2205,16
DA:2206,16
DA:2207,32
DA:2208,16
DA:2209,16
DA:2210,16
DA:2211,16
DA:2212,32
DA:2213,16
DA:2214,16
DA:2215,16
DA:2216,16
DA:2217,32
DA:2218,16
DA:2219,16
DA:2220,16
DA:2221,16
DA:2222,32
DA:2223,16
DA:2224,16
DA:2225,16
DA:2226,16
DA:2227,32
DA:2228,16
DA:2229,16
DA:2230,16
DA:2231,16
DA:2232,32
DA:2233,16
DA:2234,16
DA:2235,16
DA:2236,16
DA:2237,32
DA:2238,16
DA:2239,16
DA:2240,16
DA:2241,16
DA:2242,32
DA:2243,16
DA:2244,16
DA:2245,16
DA:2246,16
DA:2247,32
DA:2248,16
DA:2249,16
DA:2250,16
DA:2251,16
DA:2252,32
DA:2253,16
DA:2254,16
DA:2255,16
DA:2256,16
DA:2257,32
DA:2258,16
DA:2259,16
DA:2260,16
DA:2261,16
DA:2262,32
DA:2263,16
DA:2264,16
DA:2265,16
DA:2266,16
DA:2267,32
DA:2268,16
DA:2269,16
DA:2270,16
DA:2271,16
DA:2272,32
DA:2273,16
DA:2274,16
DA:2275,16
DA:2276,16
DA:2277,32
DA:2278,16
DA:2279,16
DA:2280,16
DA:2281,16
DA:2282,32
DA:2283,16
DA:2284,16
DA:2285,16
DA:2286,16
DA:2287,32
DA:2288,16
DA:2289,16
DA:2290,16
DA:2291,16
DA:2292,32
DA:2293,16
DA:2294,16
DA:2295,16
DA:2296,16
DA:2297,32
DA:2298,16
DA:2299,16
DA:2300,16
DA:2301,16
DA:2302,32
DA:2303,16
DA:2304,16
DA:2305,16
DA:2306,16
DA:2307,32
DA:2308,16
DA:2309,16
DA:2310,16
DA:2311,16
DA:2312,32
DA:2313,16
DA:2314,16
DA:2315,16
DA:2316,16
DA:2317,32
DA:2318,16
DA:2319,16
DA:2320,16
DA:2321,16
DA:2322,32
DA:2323,16
DA:2324,16
DA:2325,16
DA:2326,16
DA:2327,32
DA:2328,16
DA:2329,16
DA:2330,16
DA:2331,16
DA:2332,32
DA:2333,16
DA:2334,16
DA:2335,16
DA:2336,16
DA:2337,32
DA:2338,16
DA:2339,16
DA:2340,16
DA:2341,16
DA:2342,32
DA:2343,16
DA:2344,16
DA:2345,16
DA:2346,16
DA:2347,32
DA:2348,16
DA:2349,16
DA:2350,16
DA:2351,16
DA:2352,32
DA:2353,16
DA:2354,16
DA:2355,16
DA:2356,16
DA:2357,32
DA:2358,16
DA:2359,16
DA:2360,16
DA:2361,16
DA:2362,32
DA:2363,16
DA:2364,16
DA:2365,16
DA:2366,16
DA:2367,32
DA:2368,16
DA:2369,16
DA:2370,16
DA:2371,16
DA:2372,32
DA:2373,16
DA:2374,16
DA:2375,16
DA:2376,16
DA:2377,32
DA:2378,16
DA:2379,16
DA:2380,16
DA:2381,16
DA:2382,32
DA:2383,16
DA:2384,16
DA:2385,16
DA:2386,16
DA:2387,32
DA:2388,16
DA:2389,16
DA:2390,16
DA:2391,16
DA:2392,32
DA:2393,16
DA:2394,16
DA:2395,16
DA:2396,16
DA:2397,32
DA:2398,16
DA:2399,16
DA:2400,16
DA:2401,16
DA:2402,32
DA:2403,16
DA:2404,16
DA:2405,16
DA:2406,16
DA:2407,32
DA:2408,16
DA:2409,16
DA:2410,16
DA:2411,16
DA:2412,32
DA:2413,16
DA:2414,16
DA:2415,16
DA:2416,16
DA:2417,32
DA:2418,16
DA:2419,16
DA:2420,16
DA:2421,16
DA:2422,32
DA:2423,16
DA:2424,16
DA:2425,16
DA:2426,16
DA:2427,32
DA:2428,16
DA:2429,16
DA:2430,16
DA:2431,16
DA:2432,32
DA:2433,16
DA:2434,16
DA:2435,16
DA:2436,16
DA:2437,32
DA:2438,16
DA:2439,16
DA:2440,16
DA:2441,16
DA:2442,32
DA:2443,16
DA:2444,16
DA:2445,16
DA:2446,16
DA:2447,32
DA:2448,16
DA:2449,16
DA:2450,16
DA:2451,16
DA:2452,32
DA:2453,16
DA:2454,16
DA:2455,16
DA:2456,16
DA:2457,32
DA:2458,16
DA:2459,16
DA:2460,16
DA:2461,16
DA:2462,32
DA:2463,16
DA:2464,16
DA:2465,16
DA:2466,16
DA:2467,32
DA:2468,16
DA:2469,16
DA:2470,16
DA:2471,16
DA:2472,32
DA:2473,16
DA:2474,16
DA:2475,16
DA:2476,16
DA:2477,32
DA:2478,16
DA:2479,16
DA:2480,16
DA:2481,16
DA:2482,32
DA:2483,16
DA:2484,16
DA:2485,16
DA:2486,16
DA:2487,32
DA:2488,16
DA:2489,16
DA:2490,16
DA:2491,16
DA:2492,32
DA:2493,16
DA:2494,16
DA:2495,16
DA:2496,16
DA:2497,32
DA:2498,16
DA:2499,16
DA:2500,16
DA:2501,16
DA:2502,32
DA:2503,16
DA:2504,16
DA:2505,16
DA:2506,16
DA:2507,32
DA:2508,16
DA:2509,16
DA:2510,16
DA:2511,16
DA:2512,32
DA:2513,16
DA:2514,16
DA:2515,16
DA:2516,16
DA:2517,32
DA:2518,16
DA:2519,16
DA:2520,16
DA:2521,16
DA:2522,32
DA:2523,16
DA:2524,16
DA:2525,16
DA:2526,16
DA:2527,32
DA:2528,16
DA:2529,16
DA:2530,16
DA:2531,16
DA:2532,32
DA:2533,16
DA:2534,16
DA:2535,16
DA:2536,16
DA:2537,32
DA:2538,16
DA:2539,16
DA:2540,16
DA:2541,16
DA:2542,32
DA:2543,16
DA:2544,16
DA:2545,16
DA:2546,16
DA:2547,32
DA:2548,16
DA:2549,16
DA:2550,16
DA:2551,16
DA:2552,32
DA:2553,16
DA:2554,16
DA:2555,16
DA:2556,16
DA:2557,32
DA:2558,16
DA:2559,16
DA:2560,16
DA:2561,16
DA:2562,32
DA:2563,16
DA:2564,16
DA:2565,16
DA:2566,16
DA:2567,32
DA:2568,16
DA:2569,16
DA:2570,16
DA:2571,16
DA:2572,32
DA:2573,16
DA:2574,16
DA:2575,16
DA:2576,16
DA:2577,32
DA:2578,16
DA:2579,16
DA:2580,16
DA:2581,16
DA:2582,32
DA:2583,16
DA:2584,16
DA:2585,16
DA:2586,16
DA:2587,32
DA:2588,16
DA:2589,16
DA:2590,16
DA:2591,16
DA:2592,32
DA:2593,16
DA:2594,16
DA:2595,16
DA:2596,16
DA:2597,32
DA:2598,16
DA:2599,16
DA:2600,16
DA:2601,16
DA:2602,32
DA:2603,16
DA:2604,16
DA:2605,16
DA:2606,16
DA:2607,32
DA:2608,16
DA:2609,16
DA:2610,16
DA:2611,16
DA:2612,32
DA:2613,16
DA:2614,16
DA:2615,16
DA:2616,16
DA:2617,32
DA:2618,16
DA:2619,16
DA:2620,16
DA:2621,16
DA:2622,32
DA:2623,16
DA:2624,16
DA:2625,16
DA:2626,16
DA:2627,32
DA:2628,16
DA:2629,16
DA:2630,16
DA:2631,16
DA:2632,32
DA:2633,16
DA:2634,16
DA:2635,16
DA:2636,16
DA:2637,32
DA:2638,16
DA:2639,16
DA:2640,16
DA:2641,16
DA:2642,32
DA:2643,16
DA:2644,16
DA:2645,16
DA:2646,16
DA:2647,32
DA:2648,16
DA:2649,16
DA:2650,16
DA:2651,16
DA:2652,32
DA:2653,16
DA:2654,16
DA:2655,16
DA:2656,16
DA:2657,32
DA:2658,16
DA:2659,16
DA:2660,16
DA:2661,16
DA:2662,32
DA:2663,16
DA:2664,16
DA:2665,16
DA:2666,16
DA:2667,32
DA:2668,16
DA:2669,16
DA:2670,16
DA:2671,16
DA:2672,32
DA:2673,16
DA:2674,16
DA:2675,16
DA:2676,16
DA:2677,32
DA:2678,16
DA:2679,16
DA:2680,16
DA:2681,16
DA:2682,32
DA:2683,16
DA:2684,16
DA:2685,16
DA:2686,16
DA:2687,32
DA:2688,16
DA:2689,16
DA:2690,16
DA:2691,16
DA:2692,32
DA:2693,16
DA:2694,16
DA:2695,16
DA:2696,16
DA:2697,32
DA:2698,16
DA:2699,16
DA:2700,16
DA:2701,16
DA:2702,32
DA:2703,16
DA:2704,16
DA:2705,16
DA:2706,16
DA:2707,32
DA:2708,16
DA:2709,16
DA:2710,16
DA:2711,16
DA:2712,32
DA:2713,16
DA:2714,16
DA:2715,16
DA:2716,16
DA:2717,32
DA:2718,16
DA:2719,16
DA:2720,16
DA:2721,16
DA:2722,32
DA:2723,16
DA:2724,16
DA:2725,16
DA:2726,16
DA:2727,32
DA:2728,16
DA:2729,16
DA:2730,16
DA:2731,16
DA:2732,32
DA:2733,16
DA:2734,16
DA:2735,16
DA:2736,16
DA:2737,32
DA:2738,16
DA:2739,16
DA:2740,16
DA:2741,16
DA:2742,32
DA:2743,16
DA:2744,16
DA:2745,16
DA:2746,16
DA:2747,32
DA:2748,16
DA:2749,16
DA:2750,16
DA:2751,16
DA:2752,32
DA:2753,16
DA:2754,16
DA:2755,16
DA:2756,16
DA:2757,32
DA:2758,16
DA:2759,16
DA:2760,16
DA:2761,16
DA:2762,32
DA:2763,16
DA:2764,16
DA:2765,16
DA:2766,16
DA:2767,32
DA:2768,16
DA:2769,16
DA:2770,16
DA:2771,16
DA:2772,32
DA:2773,16
DA:2774,16
DA:2775,16
DA:2776,16
DA:2777,32
DA:2778,16
DA:2779,16
DA:2780,16
DA:2781,16
DA:2782,32
DA:2783,16
DA:2784,16
DA:2785,16
DA:2786,16
DA:2787,32
DA:2788,16
DA:2789,16
DA:2790,16
DA:2791,16
DA:2792,32
DA:2793,16
DA:2794,16
DA:2795,16
DA:2796,16
DA:2797,32
DA:2798,16
DA:2799,16
DA:2800,16
DA:2801,16
DA:2802,32
DA:2803,16
DA:2804,16
DA:2805,16
DA:2806,16
DA:2807,32
DA:2808,16
DA:2809,16
DA:2810,16
DA:2811,16
DA:2812,32
DA:2813,16
DA:2814,16
DA:2815,16
DA:2816,16
DA:2817,32
DA:2818,16
DA:2819,16
DA:2820,16
DA:2821,16
DA:2822,32
DA:2823,16
DA:2824,16
DA:2825,16
DA:2826,16
DA:2827,32
DA:2828,16
DA:2829,16
DA:2830,16
DA:2831,16
DA:2832,32
DA:2833,16
DA:2834,16
DA:2835,16
DA:2836,16
DA:2837,32
DA:2838,16
DA:2839,16
DA:2840,16
DA:2841,16
DA:2842,32
DA:2843,16
DA:2844,16
DA:2845,16
DA:2846,16
DA:2847,32
DA:2848,16
DA:2849,16
DA:2850,16
DA:2851,16
DA:2852,32
DA:2853,16
DA:2854,16
DA:2855,16
DA:2856,16
DA:2857,32
DA:2858,16
DA:2859,16
DA:2860,16
DA:2861,16
DA:2862,32
DA:2863,16
DA:2864,16
DA:2865,16
DA:2866,16
DA:2867,32
DA:2868,16
DA:2869,16
DA:2870,16
DA:2871,16
DA:2872,32
DA:2873,16
DA:2874,16
DA:2875,16
DA:2876,16
DA:2877,32
DA:2878,16
DA:2879,16
DA:2880,16
DA:2881,16
DA:2882,32
DA:2883,16
DA:2884,16
DA:2885,16
DA:2886,16
DA:2887,32
DA:2888,16
DA:2889,16
DA:2890,16
DA:2891,16
DA:2892,32
DA:2893,16
DA:2894,16
DA:2895,16
DA:2896,16
DA:2897,32
DA:2898,16
DA:2899,16
DA:2900,16
DA:2901,16
DA:2902,32
DA:2903,16
DA:2904,16
DA:2905,16
DA:2906,16
DA:2907,32
DA:2908,16
DA:2909,16
DA:2910,16
DA:2911,16
DA:2912,32
DA:2913,16
DA:2914,16
DA:2915,16
DA:2916,16
DA:2917,32
DA:2918,16
DA:2919,16
DA:2920,16
DA:2921,16
DA:2922,32
DA:2923,16
DA:2924,16
DA:2925,16
DA:2926,16
DA:2927,32
DA:2928,16
DA:2929,16
DA:2930,16
DA:2931,16
DA:2932,32
DA:2933,16
DA:2934,16
DA:2935,16
DA:2936,16
DA:2937,32
DA:2938,16
DA:2939,16
DA:2940,16
DA:2941,16
DA:2942,32
DA:2943,16
DA:2944,16
DA:2945,16
DA:2946,16
DA:2947,32
DA:2948,16
DA:2949,16
DA:2950,16
DA:2951,16
DA:2952,32
DA:2953,16
DA:2954,16
DA:2955,16
DA:2956,16
DA:2957,32
DA:2958,16
DA:2959,16
DA:2960,16
DA:2961,16
DA:2962,32
DA:2963,16
DA:2964,16
DA:2965,16
DA:2966,16
DA:2967,32
DA:2968,16
DA:2969,16
DA:2970,16
DA:2971,16
DA:2972,32
DA:2973,16
DA:2974,16
DA:2975,16
DA:2976,16
DA:2977,32
DA:2978,16
DA:2979,16
DA:2980,16
DA:2981,16
DA:2982,32
DA:2983,16
DA:2984,16
DA:2985,16
DA:2986,16
DA:2987,32
DA:2988,16
DA:2989,16
DA:2990,16
DA:2991,16
DA:2992,32
DA:2993,16
DA:2994,16
DA:2995,16
DA:2996,16
DA:2997,32
DA:2998,16
DA:2999,16
DA:3000,16
DA:3001,16
DA:3002,32
DA:3003,16
DA:3004,16
DA:3005,16
DA:3006,16
DA:3007,32
DA:3008,16
DA:3009,16
DA:3010,16
DA:3011,16
DA:3012,32
DA:3013,16
DA:3014,16
DA:3015,16
DA:3016,16
DA:3017,32
DA:3018,16
DA:3019,16
DA:3020,16
DA:3021,16
DA:3022,32
DA:3023,16
DA:3024,16
DA:3025,16
DA:3026,16
DA:3027,32
DA:3028,16
DA:3029,16
DA:3030,16
DA:3031,16
DA:3032,32
DA:3033,16
DA:3034,16
DA:3035,16
DA:3036,16
DA:3037,32
DA:3038,16
DA:3039,16
DA:3040,16
DA:3041,16
DA:3042,32
DA:3043,16
DA:3044,16
DA:3045,16
DA:3046,16
DA:3047,32
DA:3048,16
DA:3049,16
DA:3050,16
DA:3051,16
DA:3052,32
DA:3053,16
DA:3054,16
DA:3055,16
DA:3056,16
DA:3057,32
DA:3058,16
DA:3059,16
DA:3060,16
DA:3061,16
DA:3062,32
DA:3063,16
DA:3064,16
DA:3065,16
DA:3066,16
DA:3067,32
DA:3068,16
DA:3069,16
DA:3070,16
DA:3071,16
DA:3072,32
DA:3073,16
DA:3074,16
DA:3075,16
DA:3076,16
DA:3077,32
DA:3078,16
DA:3079,16
DA:3080,16
DA:3081,16
DA:3082,32
DA:3083,16
DA:3084,16
DA:3085,16
DA:3086,16
DA:3087,32
DA:3088,16
DA:3089,16
DA:3090,16
DA:3091,16
DA:3092,32
DA:3093,16
DA:3094,16
DA:3095,16
DA:3096,16
DA:3097,32
DA:3098,16
DA:3099,16
DA:3100,16
DA:3101,16
DA:3102,32
DA:3103,16
DA:3104,16
DA:3105,16
DA:3106,16
DA:3107,32
DA:3108,16
DA:3109,16
DA:3110,16
DA:3111,16
DA:3112,32
DA:3113,16
DA:3114,16
DA:3115,16
DA:3116,16
DA:3117,32
DA:3118,16
DA:3119,16
DA:3120,16
DA:3121,16
DA:3122,32
DA:3123,16
DA:3124,16
DA:3125,16
DA:3126,16
DA:3127,32
DA:3128,16
DA:3129,16
DA:3130,16
DA:3131,16
DA:3132,32
DA:3133,16
DA:3134,16
DA:3135,16
DA:3136,16
DA:3137,32
DA:3138,16
DA:3139,16
DA:3140,16
DA:3141,16
DA:3142,32
DA:3143,16
DA:3144,16
DA:3145,16
DA:3146,16
DA:3147,32
DA:3148,16
DA:3149,16
DA:3150,16
DA:3151,16
DA:3152,32
DA:3153,16
DA:3154,16
DA:3155,16
DA:3156,16
DA:3157,32
DA:3158,16
DA:3159,16
DA:3160,16
DA:3161,16
DA:3162,32
DA:3163,16
DA:3164,16
DA:3165,16
DA:3166,16
DA:3167,32
DA:3168,16
DA:3169,16
DA:3170,16
DA:3171,16
DA:3172,32
DA:3173,16
DA:3174,16
DA:3175,16
DA:3176,16
DA:3177,32
DA:3178,16
DA:3179,16
DA:3180,16
DA:3181,16
DA:3182,32
DA:3183,16
DA:3184,16
DA:3185,16
DA:3186,16
DA:3187,32
DA:3188,16
DA:3189,16
DA:3190,16
DA:3191,16
DA:3192,32
DA:3193,16
DA:3194,16
DA:3195,16
DA:3196,16
DA:3197,32
DA:3198,16
DA:3199,16
DA:3200,16
DA:3201,16
DA:3202,32
DA:3203,16
DA:3204,16
DA:3205,16
DA:3206,16
DA:3207,32
DA:3208,16
DA:3209,16
DA:3210,16
DA:3211,16
DA:3212,32
DA:3213,16
DA:3214,16
DA:3215,16
DA:3216,16
DA:3217,32
DA:3218,16
DA:3219,16
DA:3220,16
DA:3221,16
DA:3222,32
DA:3223,16
DA:3224,16
DA:3225,16
DA:3226,16
DA:3227,32
DA:3228,16
DA:3229,16
DA:3230,16
DA:3231,16
DA:3232,32
DA:3233,16
DA:3234,16
DA:3235,16
DA:3236,16
DA:3237,32
DA:3238,16
DA:3239,16
DA:3240,16
DA:3241,16
DA:3242,32
DA:3243,16
DA:3244,16
DA:3245,16
DA:3246,16
DA:3247,32
DA:3248,16
DA:3249,16
DA:3250,16
DA:3251,16
DA:3252,32
DA:3253,16
DA:3254,16
DA:3255,16
DA:3256,16
DA:3257,32
DA:3258,16
DA:3259,16
DA:3260,16
DA:3261,16
DA:3262,32
DA:3263,16
DA:3264,16
DA:3265,16
DA:3266,16
DA:3267,32
DA:3268,16
DA:3269,16
DA:3270,16
DA:3271,16
DA:3272,32
DA:3273,16
DA:3274,16
DA:3275,16
DA:3276,16
DA:3277,32
DA:3278,16
DA:3279,16
DA:3280,16
DA:3281,16
DA:3282,32
DA:3283,16
DA:3284,16
DA:3285,16
DA:3286,16
DA:3287,32
DA:3288,16
DA:3289,16
DA:3290,16
DA:3291,16
DA:3292,32
DA:3293,16
DA:3294,16
DA:3295,16
DA:3296,16
DA:3297,32
DA:3298,16
DA:3299,16
DA:3300,16
DA:3301,16
DA:3302,32
DA:3303,16
DA:3304,16
DA:3305,16
DA:3306,16
DA:3307,32
DA:3308,16
DA:3309,16
DA:3310,16
DA:3311,16
DA:3312,32
DA:3313,16
DA:3314,16
DA:3315,16
DA:3316,16
DA:3317,32
DA:3318,16
DA:3319,16
DA:3320,16
DA:3321,16
DA:3322,32
DA:3323,16
DA:3324,16
DA:3325,16
DA:3326,16
DA:3327,32
DA:3328,16
DA:3329,16
DA:3330,16
DA:3331,16
DA:3332,32
DA:3333,16
DA:3334,16
DA:3335,16
DA:3336,16
DA:3337,32
DA:3338,16
DA:3339,16
DA:3340,16
DA:3341,16
DA:3342,32
DA:3343,16
DA:3344,16
DA:3345,16
DA:3346,16
DA:3347,32
DA:3348,16
DA:3349,16
DA:3350,16
DA:3351,16
DA:3352,32
DA:3353,16
DA:3354,16
DA:3355,16
DA:3356,16
DA:3357,32
DA:3358,16
DA:3359,16
DA:3360,16
DA:3361,16
DA:3362,32
DA:3363,16
DA:3364,16
DA:3365,16
DA:3366,16
DA:3367,32
DA:3368,16
DA:3369,16
DA:3370,16
DA:3371,16
DA:3372,32
DA:3373,16
DA:3374,16
DA:3375,16
DA:3376,16
DA:3377,32
DA:3378,16
DA:3379,16
DA:3380,16
DA:3381,16
DA:3382,32
DA:3383,16
DA:3384,16
DA:3385,16
DA:3386,16
DA:3387,32
DA:3388,16
DA:3389,16
DA:3390,16
DA:3391,16
DA:3392,32
DA:3393,16
DA:3394,16
DA:3395,16
DA:3396,16
DA:3397,32
DA:3398,16
DA:3399,16
DA:3400,16
DA:3401,16
DA:3402,32
DA:3403,16
DA:3404,16
DA:3405,16
DA:3406,16
DA:3407,32
DA:3408,16
DA:3409,16
DA:3410,16
DA:3411,16
DA:3412,32
DA:3413,16
DA:3414,16
DA:3415,16
DA:3416,16
DA:3417,32
DA:3418,16
DA:3419,16
DA:3420,16
DA:3421,16
DA:3422,32
DA:3423,16
DA:3424,16
DA:3425,16
DA:3426,16
DA:3427,32
DA:3428,16
DA:3429,16
DA:3430,16
DA:3431,16
DA:3432,32
DA:3433,16
DA:3434,16
DA:3435,16
DA:3436,16
DA:3437,32
DA:3438,16
DA:3439,16
DA:3440,16
DA:3441,16
DA:3442,32
DA:3443,16
DA:3444,16
DA:3445,16
DA:3446,16
DA:3447,32
DA:3448,16
DA:3449,16
DA:3450,16
DA:3451,16
DA:3452,32
DA:3453,16
DA:3454,16
DA:3455,16
DA:3456,16
DA:3457,32
DA:3458,16
DA:3459,16
DA:3460,16
DA:3461,16
DA:3462,32
DA:3463,16
DA:3464,16
DA:3465,16
DA:3466,16
DA:3467,32
DA:3468,16
DA:3469,16
DA:3470,16
DA:3471,16
DA:3472,32
DA:3473,16
DA:3474,16
DA:3475,16
DA:3476,16
DA:3477,32
DA:3478,16
DA:3479,16
DA:3480,16
DA:3481,16
DA:3482,32
DA:3483,16
DA:3484,16
DA:3485,16
DA:3486,16
DA:3487,32
DA:3488,16
DA:3489,16
DA:3490,16
DA:3491,16
DA:3492,32
DA:3493,16
DA:3494,16
DA:3495,16
DA:3496,16
DA:3497,32
DA:3498,16
DA:3499,16
DA:3500,16
DA:3501,16
DA:3502,32
DA:3503,16
DA:3504,16
DA:3505,16
DA:3506,16
DA:3507,32
DA:3508,16
DA:3509,16
DA:3510,16
DA:3511,16
DA:3512,32
DA:3513,16
DA:3514,16
DA:3515,16
DA:3516,16
DA:3517,32
DA:3518,16
DA:3519,16
DA:3520,16
DA:3521,16
DA:3522,32
DA:3523,16
DA:3524,16
DA:3525,16
DA:3526,16
DA:3527,32
DA:3528,16
DA:3529,16
DA:3530,16
DA:3531,16
DA:3532,32
DA:3533,16
DA:3534,16
DA:3535,16
DA:3536,16
DA:3537,32
DA:3538,16
DA:3539,16
DA:3540,16
DA:3541,16
DA:3542,32
DA:3543,16
DA:3544,16
DA:3545,16
DA:3546,16
DA:3547,32
DA:3548,16
DA:3549,16
DA:3550,16
DA:3551,16
DA:3552,32
DA:3553,16
DA:3554,16
DA:3555,16
DA:3556,16
DA:3557,32
DA:3558,16
DA:3559,16
DA:3560,16
DA:3561,16
DA:3562,32
DA:3563,16
DA:3564,16
DA:3565,16
DA:3566,16
DA:3567,32
DA:3568,16
DA:3569,16
DA:3570,16
DA:3571,16
DA:3572,32
DA:3573,16
DA:3574,16
DA:3575,16
DA:3576,16
DA:3577,32
DA:3578,16
DA:3579,16
DA:3580,16
DA:3581,16
DA:3582,32
DA:3583,16
DA:3584,16
DA:3585,16
DA:3586,16
DA:3587,32
DA:3588,16
DA:3589,16
DA:3590,16
DA:3591,16
DA:3592,32
DA:3593,16
DA:3594,16
DA:3595,16
DA:3596,16
DA:3597,32
DA:3598,16
DA:3599,16
DA:3600,16
DA:3601,16
DA:3602,32
DA:3603,16
DA:3604,16
DA:3605,16
DA:3606,16
DA:3607,32
DA:3608,16
DA:3609,16
DA:3610,16
DA:3611,16
DA:3612,32
DA:3613,16
DA:3614,16
DA:3615,16
DA:3616,16
DA:3617,32
DA:3618,16
DA:3619,16
DA:3620,16
DA:3621,16
DA:3622,32
DA:3623,16
DA:3624,16
DA:3625,16
DA:3626,16
DA:3627,32
DA:3628,16
DA:3629,16
DA:3630,16
DA:3631,16
DA:3632,32
DA:3633,16
DA:3634,16
DA:3635,16
DA:3636,16
DA:3637,32
DA:3638,16
DA:3639,16
DA:3640,16
DA:3641,16
DA:3642,32
DA:3643,16
DA:3644,16
DA:3645,16
DA:3646,16
DA:3647,32
DA:3648,16
DA:3649,16
DA:3650,16
DA:3651,16
DA:3652,32
DA:3653,16
DA:3654,16
DA:3655,16
DA:3656,16
DA:3657,32
DA:3658,16
DA:3659,16
DA:3660,16
DA:3661,16
DA:3662,32
DA:3663,16
DA:3664,16
DA:3665,16
DA:3666,16
DA:3667,32
DA:3668,16
DA:3669,16
DA:3670,16
DA:3671,16
DA:3672,32
DA:3673,16
DA:3674,16
DA:3675,16
DA:3676,16
DA:3677,32
DA:3678,16
DA:3679,16
DA:3680,16
DA:3681,16
DA:3682,32
DA:3683,16
DA:3684,16
DA:3685,16
DA:3686,16
DA:3687,32
DA:3688,16
DA:3689,16
DA:3690,16
DA:3691,16
DA:3692,32
DA:3693,16
DA:3694,16
DA:3695,16
DA:3696,16
DA:3697,32
DA:3698,16
DA:3699,16
DA:3700,16
DA:3701,16
DA:3702,32
DA:3703,16
DA:3704,16
DA:3705,16
DA:3706,16
DA:3707,32
DA:3708,16
DA:3709,16
DA:3710,16
DA:3711,16
DA:3712,32
DA:3713,16
DA:3714,16
DA:3715,16
DA:3716,16
DA:3717,32
DA:3718,16
DA:3719,16
DA:3720,16
DA:3721,16
DA:3722,32
DA:3723,16
DA:3724,16
DA:3725,16
DA:3726,16
DA:3727,32
DA:3728,16
DA:3729,16
DA:3730,16
DA:3731,16
DA:3732,32
DA:3733,16
DA:3734,16
DA:3735,16
DA:3736,16
DA:3737,32
DA:3738,16
DA:3739,16
DA:3740,16
DA:3741,16
DA:3742,32
DA:3743,16
DA:3744,16
DA:3745,16
DA:3746,16
DA:3747,32
DA:3748,16
DA:3749,16
DA:3750,16
DA:3751,16
DA:3752,32
DA:3753,16
DA:3754,16
DA:3755,16
DA:3756,16
DA:3757,32
DA:3758,16
DA:3759,16
DA:3760,16
DA:3761,16
DA:3762,32
DA:3763,16
DA:3764,16
DA:3765,16
DA:3766,16
DA:3767,32
DA:3768,16
DA:3769,16
DA:3770,16
DA:3771,16
DA:3772,32
DA:3773,16
DA:3774,16
DA:3775,16
DA:3776,16
DA:3777,32
DA:3778,16
DA:3779,16
DA:3780,16
DA:3781,16
DA:3782,32
DA:3783,16
DA:3784,16
DA:3785,16
DA:3786,16
DA:3787,32
DA:3788,16
DA:3789,16
DA:3790,16
DA:3791,16
DA:3792,32
DA:3793,16
DA:3794,16
DA:3795,16
DA:3796,16
DA:3797,32
DA:3798,16
DA:3799,16
DA:3800,16
DA:3801,16
DA:3802,32
DA:3803,16
DA:3804,16
DA:3805,16
DA:3806,16
DA:3807,32
DA:3808,16
DA:3809,16
DA:3810,16
DA:3811,16
DA:3812,32
DA:3813,16
DA:3814,16
DA:3815,16
DA:3816,16
DA:3817,32
DA:3818,16
DA:3819,16
DA:3820,16
DA:3821,16
DA:3822,32
DA:3823,16
DA:3824,16
DA:3825,16
DA:3826,16
DA:3827,32
DA:3828,16
DA:3829,16
DA:3830,16
DA:3831,16
DA:3832,32
DA:3833,16
DA:3834,16
DA:3835,16
DA:3836,16
DA:3837,32
DA:3838,16
DA:3839,16
DA:3840,16
DA:3841,16
DA:3842,32
DA:3843,16
DA:3844,16
DA:3845,16
DA:3846,16
DA:3847,32
DA:3848,16
DA:3849,16
DA:3850,16
DA:3851,16
DA:3852,32
DA:3853,16
DA:3854,16
DA:3855,16
DA:3856,16
DA:3857,32
DA:3858,16
DA:3859,16
DA:3860,16
DA:3861,16
DA:3862,32
DA:3863,16
DA:3864,16
DA:3865,16
DA:3866,16
DA:3867,32
DA:3868,16
DA:3869,16
DA:3870,16
DA:3871,16
DA:3872,32
DA:3873,16
DA:3874,16
DA:3875,16
DA:3876,16
DA:3877,32
DA:3878,16
DA:3879,16
DA:3880,16
DA:3881,16
DA:3882,32
DA:3883,16
DA:3884,16
DA:3885,16
DA:3886,16
DA:3887,32
DA:3888,16
DA:3889,16
DA:3890,16
DA:3891,16
DA:3892,32
DA:3893,16
DA:3894,16
DA:3895,16
DA:3896,16
DA:3897,32
DA:3898,16
DA:3899,16
DA:3900,16
DA:3901,16
DA:3902,32
DA:3903,16
DA:3904,16
DA:3905,16
DA:3906,16
DA:3907,32
DA:3908,16
DA:3909,16
DA:3910,16
DA:3911,16
DA:3912,32
DA:3913,16
DA:3914,16
DA:3915,16
DA:3916,16
DA:3917,32
DA:3918,16
DA:3919,16
DA:3920,16
DA:3921,16
DA:3922,32
DA:3923,16
DA:3924,16
DA:3925,16
DA:3926,16
DA:3927,32
DA:3928,16
DA:3929,16
DA:3930,16
DA:3931,16
DA:3932,32
DA:3933,16
DA:3934,16
DA:3935,16
DA:3936,16
DA:3937,32
DA:3938,16
DA:3939,16
DA:3940,16
DA:3941,16
DA:3942,32
DA:3943,16
DA:3944,16
DA:3945,16
DA:3946,16
DA:3947,32
DA:3948,16
DA:3949,16
DA:3950,16
DA:3951,16
DA:3952,32
DA:3953,16
DA:3954,16
DA:3955,16
DA:3956,16
DA:3957,32
DA:3958,16
DA:3959,16
DA:3960,16
DA:3961,16
DA:3962,32
DA:3963,16
DA:3964,16
DA:3965,16
DA:3966,16
DA:3967,32
DA:3968,16
DA:3969,16
DA:3970,16
DA:3971,16
DA:3972,32
DA:3973,16
DA:3974,16
DA:3975,16
DA:3976,16
DA:3977,32
DA:3978,16
DA:3979,16
DA:3980,16
DA:3981,16
DA:3982,32
DA:3983,16
DA:3984,16
DA:3985,16
DA:3986,16
DA:3987,32
DA:3988,16
DA:3989,16
DA:3990,16
DA:3991,16
DA:3992,32
DA:3993,16
DA:3994,16
DA:3995,16
DA:3996,16
DA:3997,32
DA:3998,16
DA:3999,16
DA:4000,16
DA:4001,16
DA:4002,32
DA:4003,16
DA:4004,16
DA:4005,16
DA:4006,16
DA:4007,32
DA:4008,16
DA:4009,16
DA:4010,16
DA:4011,16
DA:4012,32
DA:4013,16
DA:4014,16
DA:4015,16
DA:4016,16
DA:4017,32
DA:4018,16
DA:4019,16
DA:4020,16
DA:4021,16
DA:4022,32
DA:4023,16
DA:4024,16
DA:4025,16
DA:4026,16
DA:4027,32
DA:4028,16
DA:4029,16
DA:4030,16
DA:4031,16
DA:4032,32
DA:4033,16
DA:4034,16
DA:4035,16
DA:4036,16
DA:4037,32
DA:4038,16
DA:4039,16
DA:4040,16
DA:4041,16
DA:4042,32
DA:4043,16
DA:4044,16
DA:4045,16
DA:4046,16
DA:4047,32
DA:4048,16
DA:4049,16
DA:4050,16
DA:4051,16
DA:4052,32
DA:4053,16
DA:4054,16
DA:4055,16
DA:4056,16
DA:4057,32
DA:4058,16
DA:4059,16
DA:4060,16
DA:4061,16
DA:4062,32
DA:4063,16
DA:4064,16
DA:4065,16
DA:4066,16
DA:4067,32
DA:4068,16
DA:4069,16
DA:4070,16
DA:4071,16
DA:4072,32
DA:4073,16
DA:4074,16
DA:4075,16
DA:4076,16
DA:4077,32
DA:4078,16
DA:4079,16
DA:4080,16
DA:4081,16
DA:4082,32
DA:4083,16
DA:4084,16
DA:4085,16
DA:4086,16
DA:4087,32
DA:4088,16
DA:4089,16
DA:4090,16
DA:4091,16
DA:4092,32
DA:4093,16
DA:4094,16
DA:4095,16
DA:4096,16
DA:4097,32
DA:4098,16
DA:4099,16
DA:4100,16
DA:4101,16
DA:4102,32
DA:4103,16
DA:4104,16
DA:4105,16
DA:4106,16
DA:4107,32
DA:4108,16
DA:4109,16
DA:4110,16
DA:4111,16
DA:4112,32
DA:4113,16
DA:4114,16
DA:4115,16
DA:4116,16
DA:4117,32
DA:4118,16
DA:4119,16
DA:4120,16
DA:4121,16
DA:4122,32
DA:4123,16
DA:4124,16
DA:4125,16
DA:4126,16
DA:4127,32
DA:4128,16
DA:4129,16
DA:4130,16
DA:4131,16
DA:4132,32
DA:4133,16
DA:4134,16
DA:4135,16
DA:4136,16
DA:4137,32
DA:4138,16
DA:4139,16
DA:4140,16
DA:4141,16
DA:4142,32
DA:4143,16
DA:4144,16
DA:4145,16
DA:4146,16
DA:4147,32
DA:4148,16
DA:4149,16
DA:4150,16
DA:4151,16
DA:4152,32
DA:4153,16
DA:4154,16
DA:4155,16
DA:4156,16
DA:4157,32
DA:4158,16
DA:4159,16
DA:4160,16
DA:4161,16
DA:4162,32
DA:4163,16
DA:4164,16
DA:4165,16
DA:4166,16
DA:4167,32
DA:4168,16
DA:4169,16
DA:4170,16
DA:4171,16
DA:4172,32
DA:4173,16
DA:4174,16
DA:4175,16
DA:4176,16
DA:4177,32
DA:4178,16
DA:4179,16
DA:4180,16
DA:4181,16
DA:4182,32
DA:4183,16
DA:4184,16
DA:4185,16
DA:4186,16
DA:4187,32
DA:4188,16
DA:4189,16
DA:4190,16
DA:4191,16
DA:4192,32
DA:4193,16
DA:4194,16
DA:4195,16
DA:4196,16
DA:4197,32
DA:4198,16
DA:4199,16
DA:4200,16
DA:4201,16
DA:4202,32
DA:4203,16
DA:4204,16
DA:4205,16
DA:4206,16
DA:4207,32
DA:4208,16
DA:4209,16
DA:4210,16
DA:4211,16
DA:4212,32
DA:4213,16
DA:4214,16
DA:4215,16
DA:4216,16
DA:4217,32
DA:4218,16
DA:4219,16
DA:4220,16
DA:4221,16
DA:4222,32
DA:4223,16
DA:4224,16
DA:4225,16
DA:4226,16
DA:4227,32
DA:4228,16
DA:4229,16
DA:4230,16
DA:4231,16
DA:4232,32
DA:4233,16
DA:4234,16
DA:4235,16
DA:4236,16
DA:4237,32
DA:4238,16
DA:4239,16
DA:4240,16
DA:4241,16
DA:4242,32
DA:4243,16
DA:4244,16
DA:4245,16
DA:4246,16
DA:4247,32
DA:4248,16
DA:4249,16
DA:4250,16
DA:4251,16
DA:4252,32
DA:4253,16
DA:4254,16
DA:4255,16
DA:4256,16
DA:4257,32
DA:4258,16
DA:4259,16
DA:4260,16
DA:4261,16
DA:4262,32
DA:4263,16
DA:4264,16
DA:4265,16
DA:4266,16
DA:4267,32
DA:4268,16
DA:4269,16
DA:4270,16
DA:4271,16
DA:4272,32
DA:4273,16
DA:4274,16
DA:4275,16
DA:4276,16
DA:4277,32
DA:4278,16
DA:4279,16
DA:4280,16
DA:4281,16
DA:4282,32
DA:4283,16
DA:4284,16
DA:4285,16
DA:4286,16
DA:4287,32
DA:4288,16
DA:4289,16
DA:4290,16
DA:4291,16
DA:4292,32
DA:4293,16
DA:4294,16
DA:4295,16
DA:4296,16
DA:4297,32
DA:4298,16
DA:4299,16
DA:4300,16
DA:4301,16
DA:4302,32
DA:4303,16
DA:4304,16
DA:4305,16
DA:4306,16
DA:4307,32
DA:4308,16
DA:4309,16
DA:4310,16
DA:4311,16
DA:4312,32
DA:4313,16
DA:4314,16
DA:4315,16
DA:4316,16
DA:4317,32
DA:4318,16
DA:4319,16
DA:4320,16
DA:4321,16
DA:4322,32
DA:4323,16
DA:4324,16
DA:4325,16
DA:4326,16
DA:4327,32
DA:4328,16
DA:4329,16
DA:4330,16
DA:4331,16
DA:4332,32
DA:4333,16
DA:4334,16
DA:4335,16
DA:4336,16
DA:4337,32
DA:4338,16
DA:4339,16
DA:4340,16
DA:4341,16
DA:4342,32
DA:4343,16
DA:4344,16
DA:4345,16
DA:4346,16
DA:4347,32
DA:4348,16
DA:4349,16
DA:4350,16
DA:4351,16
DA:4352,32
DA:4353,16
DA:4354,16
DA:4355,16
DA:4356,16
DA:4357,32
DA:4358,16
DA:4359,16
DA:4360,16
DA:4361,16
DA:4362,32
DA:4363,16
DA:4364,16
DA:4365,16
DA:4366,16
DA:4367,32
DA:4368,16
DA:4369,16
DA:4370,16
DA:4371,16
DA:4372,32
DA:4373,16
DA:4374,16
DA:4375,16
DA:4376,16
DA:4377,32
DA:4378,16
DA:4379,16
DA:4380,16
DA:4381,16
DA:4382,32
DA:4383,16
DA:4384,16
DA:4385,16
DA:4386,16
DA:4387,32
DA:4388,16
DA:4389,16
DA:4390,16
DA:4391,16
DA:4392,32
DA:4393,16
DA:4394,16
DA:4395,16
DA:4396,16
DA:4397,32
DA:4398,16
DA:4399,16
DA:4400,16
DA:4401,16
DA:4402,32
DA:4403,16
DA:4404,16
DA:4405,16
DA:4406,16
DA:4407,32
DA:4408,16
DA:4409,16
DA:4410,16
DA:4411,16
DA:4412,32
DA:4413,16
DA:4414,16
DA:4415,16
DA:4416,16
DA:4417,32
DA:4418,16
DA:4419,16
DA:4420,16
DA:4421,16
DA:4422,32
DA:4423,16
DA:4424,16
DA:4425,16
DA:4426,16
DA:4427,32
DA:4428,16
DA:4429,16
DA:4430,16
DA:4431,16
DA:4432,32
DA:4433,16
DA:4434,16
DA:4435,16
DA:4436,16
DA:4437,32
DA:4438,16
DA:4439,16
DA:4440,16
DA:4441,16
DA:4442,32
DA:4443,16
DA:4444,16
DA:4445,16
DA:4446,16
DA:4447,32
DA:4448,16
DA:4449,16
DA:4450,16
DA:4451,16
DA:4452,32
DA:4453,16
DA:4454,16
DA:4455,16
DA:4456,16
DA:4457,34
DA:4458,17
DA:4459,17
DA:4460,17
DA:4461,17
DA:4462,32
DA:4463,16
DA:4464,16
DA:4465,16
DA:4466,16
DA:4467,32
DA:4468,16
DA:4469,16
DA:4470,16
DA:4471,16
DA:4472,32
DA:4473,16
DA:4474,16
DA:4475,16
DA:4476,16
DA:4477,32
DA:4478,16
DA:4479,16
DA:4480,16
DA:4481,16
DA:4482,32
DA:4483,16
DA:4484,16
DA:4485,16
DA:4486,16
DA:4487,32
DA:4488,16
DA:4489,16
DA:4490,16
DA:4491,16
DA:4492,32
DA:4493,16
DA:4494,16
DA:4495,16
DA:4496,16
DA:4497,32
DA:4498,16
DA:4499,16
DA:4500,16
DA:4501,16
DA:4502,32
DA:4503,16
DA:4504,16
DA:4505,16
DA:4506,16
DA:4507,32
DA:4508,16
DA:4509,16
DA:4510,16
DA:4511,16
DA:4512,32
DA:4513,16
DA:4514,16
DA:4515,16
DA:4516,16
DA:4517,32
DA:4518,16
DA:4519,16
DA:4520,16
DA:4521,16
DA:4522,32
DA:4523,16
DA:4524,16
DA:4525,16
DA:4526,16
DA:4527,32
DA:4528,16
DA:4529,16
DA:4530,16
DA:4531,16
DA:4532,32
DA:4533,16
DA:4534,16
DA:4535,16
DA:4536,16
DA:4537,32
DA:4538,16
DA:4539,16
DA:4540,16
DA:4541,16
DA:4542,32
DA:4543,16
DA:4544,16
DA:4545,16
DA:4546,16
DA:4547,32
DA:4548,16
DA:4549,16
DA:4550,16
DA:4551,16
DA:4552,32
DA:4553,16
DA:4554,16
DA:4555,16
DA:4556,16
DA:4557,32
DA:4558,16
DA:4559,16
DA:4560,16
DA:4561,16
DA:4562,32
DA:4563,16
DA:4564,16
DA:4565,16
DA:4566,16
DA:4567,32
DA:4568,16
DA:4569,16
DA:4570,16
DA:4571,16
DA:4572,32
DA:4573,16
DA:4574,16
DA:4575,16
DA:4576,16
DA:4577,32
DA:4578,16
DA:4579,16
DA:4580,16
DA:4581,16
DA:4582,32
DA:4583,16
DA:4584,16
DA:4585,16
DA:4586,16
DA:4587,32
DA:4588,16
DA:4589,16
DA:4590,16
DA:4591,16
DA:4592,32
DA:4593,16
DA:4594,16
DA:4595,16
DA:4596,16
DA:4597,32
DA:4598,16
DA:4599,16
DA:4600,16
DA:4601,16
DA:4602,1054
DA:4603,527
DA:4604,527
DA:4605,527
DA:4606,527
DA:4614,2
DA:5234,0
DA:5235,1
DA:5236,1
DA:5237,1
DA:5238,1
DA:5239,1
DA:5240,1
DA:5241,1
DA:5242,1
DA:5243,1
DA:5244,1
DA:5245,1
DA:5246,1
DA:5247,1
DA:5248,1
DA:5249,1
DA:5250,1
DA:5251,1
DA:5252,1
DA:5253,1
DA:5254,1
DA:5255,1
DA:5256,1
DA:5257,1
DA:5258,1
DA:5259,1
DA:5260,1
DA:5261,1
DA:5262,1
DA:5263,1
DA:5264,1
DA:5265,1
DA:5266,1
DA:5267,1
DA:5268,1
DA:5269,1
DA:5270,1
DA:5271,1
DA:5272,1
DA:5273,1
DA:5274,1
DA:5275,1
DA:5276,1
DA:5277,1
DA:5278,1
DA:5279,1
DA:5280,1
DA:5281,1
DA:5282,1
DA:5283,1
DA:5284,1
DA:5285,1
DA:5286,1
DA:5287,1
DA:5288,1
DA:5289,1
DA:5290,1
DA:5291,1
DA:5292,1
DA:5293,1
DA:5294,1
DA:5295,1
DA:5296,1
DA:5297,1
DA:5298,1
DA:5299,1
DA:5300,1
DA:5301,1
DA:5302,1
DA:5303,1
DA:5304,1
DA:5305,1
DA:5306,1
DA:5307,1
DA:5308,1
DA:5309,1
DA:5310,1
DA:5311,1
DA:5312,1
DA:5313,1
DA:5314,1
DA:5315,1
DA:5316,1
DA:5317,1
DA:5318,1
DA:5319,1
DA:5320,1
DA:5321,1
DA:5322,1
DA:5323,1
DA:5324,1
DA:5325,1
DA:5326,1
DA:5327,1
DA:5328,1
DA:5329,1
DA:5330,1
DA:5331,1
DA:5332,1
DA:5333,1
DA:5334,1
DA:5335,1
DA:5336,1
DA:5337,1
DA:5338,1
DA:5339,1
DA:5340,1
DA:5341,1
DA:5342,1
DA:5343,1
DA:5344,1
DA:5345,1
DA:5346,1
DA:5347,1
DA:5348,1
DA:5349,1
DA:5350,1
DA:5351,1
DA:5352,1
DA:5353,1
DA:5354,1
DA:5355,1
DA:5356,1
DA:5357,1
DA:5358,1
DA:5359,1
DA:5360,1
DA:5361,1
DA:5362,1
DA:5363,1
DA:5364,1
DA:5365,1
DA:5366,1
DA:5367,1
DA:5368,1
DA:5369,1
DA:5370,1
DA:5371,1
DA:5372,1
DA:5373,1
DA:5374,1
DA:5375,1
DA:5376,1
DA:5377,1
DA:5378,1
DA:5379,1
DA:5380,1
DA:5381,1
DA:5382,1
DA:5383,1
DA:5384,1
DA:5385,1
DA:5386,1
DA:5387,1
DA:5388,1
DA:5389,1
DA:5390,1
DA:5391,1
DA:5392,1
DA:5393,1
DA:5394,1
DA:5395,1
DA:5396,1
DA:5397,1
DA:5398,1
DA:5399,1
DA:5400,1
DA:5401,1
DA:5402,1
DA:5403,1
DA:5404,1
DA:5405,1
DA:5406,1
DA:5407,1
DA:5408,1
DA:5409,1
DA:5410,1
DA:5411,1
DA:5412,1
DA:5413,1
DA:5414,1
DA:5415,1
DA:5416,1
DA:5417,1
DA:5418,1
DA:5419,1
DA:5420,1
DA:5421,1
DA:5422,1
DA:5423,1
DA:5424,1
DA:5425,1
DA:5426,1
DA:5427,1
DA:5428,1
DA:5429,1
DA:5430,1
DA:5431,1
DA:5432,1
DA:5433,1
DA:5434,1
DA:5435,1
DA:5436,1
DA:5437,1
DA:5438,1
DA:5439,1
DA:5440,1
DA:5441,1
DA:5442,1
DA:5443,1
DA:5444,1
DA:5445,1
DA:5446,1
DA:5447,1
DA:5448,1
DA:5449,1
DA:5450,1
DA:5451,1
DA:5452,1
DA:5453,1
DA:5454,1
DA:5455,1
DA:5456,1
DA:5457,1
DA:5458,1
DA:5459,1
DA:5460,1
DA:5461,1
DA:5462,1
DA:5463,1
DA:5464,1
DA:5465,1
DA:5466,1
DA:5467,1
DA:5468,1
DA:5469,1
DA:5470,1
DA:5471,1
DA:5472,1
DA:5473,1
DA:5474,1
DA:5475,1
DA:5476,1
DA:5477,1
DA:5478,1
DA:5479,1
DA:5480,1
DA:5481,1
DA:5482,1
DA:5483,1
DA:5484,1
DA:5485,1
DA:5486,1
DA:5487,1
DA:5488,1
DA:5489,1
DA:5490,1
DA:5491,1
DA:5492,1
DA:5493,1
DA:5494,1
DA:5495,1
DA:5496,1
DA:5497,1
DA:5498,1
DA:5499,1
DA:5500,1
DA:5501,1
DA:5502,1
DA:5503,1
DA:5504,1
DA:5505,1
DA:5506,1
DA:5507,1
DA:5508,1
DA:5509,1
DA:5510,1
DA:5511,1
DA:5512,1
DA:5513,1
DA:5514,1
DA:5515,1
DA:5516,1
DA:5517,1
DA:5518,1
DA:5519,1
DA:5520,1
DA:5521,1
DA:5522,1
DA:5523,1
DA:5524,1
DA:5525,1
DA:5526,1
DA:5527,1
DA:5528,1
DA:5529,1
DA:5530,1
DA:5531,1
DA:5532,1
DA:5533,1
DA:5534,1
DA:5535,1
DA:5536,1
DA:5537,1
DA:5538,1
DA:5539,1
DA:5540,1
DA:5541,1
DA:5542,1
DA:5543,1
DA:5544,1
DA:5545,1
DA:5546,1
DA:5547,1
DA:5548,1
DA:5549,1
DA:5550,1
DA:5551,1
DA:5552,1
DA:5553,1
DA:5554,1
DA:5555,1
DA:5556,1
DA:5557,1
DA:5558,1
DA:5559,1
DA:5560,1
DA:5561,1
DA:5562,1
DA:5563,1
DA:5564,1
DA:5565,1
DA:5566,1
DA:5567,1
DA:5568,1
DA:5569,1
DA:5570,1
DA:5571,1
DA:5572,1
DA:5573,1
DA:5574,1
DA:5575,1
DA:5576,1
DA:5577,1
DA:5578,1
DA:5579,1
DA:5580,1
DA:5581,1
DA:5582,1
DA:5583,1
DA:5584,1
DA:5585,1
DA:5586,1
DA:5587,1
DA:5588,1
DA:5589,1
DA:5590,1
DA:5591,1
DA:5592,1
DA:5593,1
DA:5594,1
DA:5595,1
DA:5596,1
DA:5597,1
DA:5598,1
DA:5599,1
DA:5600,1
DA:5601,1
DA:5602,1
DA:5603,1
DA:5604,1
DA:5605,1
DA:5606,1
DA:5607,1
DA:5608,1
DA:5609,1
DA:5610,1
DA:5611,1
DA:5612,1
DA:5613,1
DA:5614,1
DA:5615,1
DA:5616,1
DA:5617,1
DA:5618,1
DA:5619,1
DA:5620,1
DA:5621,1
DA:5622,1
DA:5623,1
DA:5624,1
DA:5625,1
DA:5626,1
DA:5627,1
DA:5628,1
DA:5629,1
DA:5630,1
DA:5631,1
DA:5632,1
DA:5633,1
DA:5634,1
DA:5635,1
DA:5636,1
DA:5637,1
DA:5638,1
DA:5639,1
DA:5640,1
DA:5641,1
DA:5642,1
DA:5643,1
DA:5644,1
DA:5645,1
DA:5646,1
DA:5647,1
DA:5648,1
DA:5649,1
DA:5650,1
DA:5651,1
DA:5652,1
DA:5653,1
DA:5654,1
DA:5655,1
DA:5656,1
DA:5657,1
DA:5658,1
DA:5659,1
DA:5660,1
DA:5661,1
DA:5662,1
DA:5663,1
DA:5664,1
DA:5665,1
DA:5666,1
DA:5667,1
DA:5668,1
DA:5669,1
DA:5670,1
DA:5671,1
DA:5672,1
DA:5673,1
DA:5674,1
DA:5675,1
DA:5676,1
DA:5677,1
DA:5678,1
DA:5679,1
DA:5680,1
DA:5681,1
DA:5682,1
DA:5683,1
DA:5684,1
DA:5685,1
DA:5686,1
DA:5687,1
DA:5688,1
DA:5689,1
DA:5690,1
DA:5691,1
DA:5692,1
DA:5693,1
DA:5694,1
DA:5695,1
DA:5696,1
DA:5697,1
DA:5698,1
DA:5699,1
DA:5700,1
DA:5701,1
DA:5702,1
DA:5703,1
DA:5704,1
DA:5705,1
DA:5706,1
DA:5707,1
DA:5708,1
DA:5709,1
DA:5710,1
DA:5711,1
DA:5712,1
DA:5713,1
DA:5714,1
DA:5715,1
DA:5716,1
DA:5717,1
DA:5718,1
DA:5719,1
DA:5720,1
DA:5721,1
DA:5722,1
DA:5723,1
DA:5724,1
DA:5725,1
DA:5726,1
DA:5727,1
DA:5728,1
DA:5729,1
DA:5730,1
DA:5731,1
DA:5732,1
DA:5733,1
DA:5734,1
DA:5735,1
DA:5736,1
DA:5737,1
DA:5738,1
DA:5739,1
DA:5740,1
DA:5741,1
DA:5742,1
DA:5743,1
DA:5744,1
DA:5745,1
DA:5746,1
end_of_record
SF:/home/lxt/env-xs-ov-00-bpu/./rtl/FTB/SRAMTemplate_13.sv
DA:59,55590
DA:60,39
DA:61,107
DA:62,7
DA:63,8306
DA:64,79
DA:65,5
DA:66,94
DA:67,8
DA:68,1070
DA:69,78
DA:70,4
DA:71,1095
DA:72,2
DA:73,1070
DA:74,79
DA:75,6
DA:76,1067
DA:77,400
DA:78,419
DA:79,424
DA:80,2
DA:81,11
DA:82,6
DA:83,29
DA:84,51
DA:85,1
DA:86,65
DA:87,2
DA:88,1138
DA:89,51
DA:90,3
DA:91,1153
DA:92,1
DA:93,1139
DA:94,52
DA:95,6
DA:96,1054
DA:97,381
DA:98,410
DA:99,514
DA:100,1
DA:101,3
DA:102,8
DA:103,68
DA:104,39
DA:105,5
DA:106,53
DA:107,1
DA:108,1175
DA:109,38
DA:110,4
DA:111,1195
DA:112,3
DA:113,1174
DA:114,39
DA:115,2
DA:116,1114
DA:117,395
DA:118,340
DA:119,357
DA:120,2
DA:121,3
DA:122,3
DA:123,57
DA:124,34
DA:125,3
DA:126,42
DA:127,2
DA:128,1058
DA:129,33
DA:130,5
DA:131,1077
DA:132,2
DA:133,1057
DA:134,33
DA:135,5
DA:136,1019
DA:137,375
DA:138,444
DA:139,380
DA:140,1
DA:141,1
DA:142,1
DA:143,86
DA:144,77
DA:145,4130
DA:146,3
DA:147,8
DA:148,27
DA:149,6
DA:150,1062
DA:151,1
DA:152,9
DA:153,1088
DA:154,2
DA:155,1064
DA:156,4
DA:157,4
DA:158,1080
DA:159,395
DA:160,414
DA:161,432
DA:162,2
DA:163,7
DA:164,5
DA:165,93
DA:166,3
DA:167,8
DA:168,27
DA:169,6
DA:170,1062
DA:171,1
DA:172,9
DA:173,1088
DA:174,2
DA:175,1064
DA:176,4
DA:177,4
DA:178,1080
DA:179,395
DA:180,414
DA:181,432
DA:182,2
DA:183,7
DA:184,5
DA:185,93
DA:186,3
DA:187,8
DA:188,27
DA:189,6
DA:190,1062
DA:191,1
DA:192,9
DA:193,1088
DA:194,2
DA:195,1064
DA:196,4
DA:197,4
DA:198,1080
DA:199,395
DA:200,414
DA:201,432
DA:202,2
DA:203,7
DA:204,5
DA:205,93
DA:206,3
DA:207,8
DA:208,27
DA:209,6
DA:210,1062
DA:211,1
DA:212,9
DA:213,1088
DA:214,2
DA:215,1064
DA:216,4
DA:217,4
DA:218,1080
DA:219,395
DA:220,414
DA:221,432
DA:222,2
DA:223,7
DA:224,5
DA:225,93
DA:226,229
DA:229,23594
DA:230,109
DA:231,107
DA:238,55628
DA:239,78
DA:240,39
DA:241,39
DA:243,27775
DA:244,27775
DA:245,18022
DA:246,9753
DA:254,2
DA:263,0
DA:264,1
DA:265,1
end_of_record
SF:/home/lxt/env-xs-ov-00-bpu/./rtl/FTB/array_3.sv
DA:59,27820
DA:60,11
DA:61,55590
DA:62,107
DA:65,314
end_of_record
SF:/home/lxt/env-xs-ov-00-bpu/./rtl/common/DelayNWithValid.sv
DA:59,55590
DA:60,39
DA:61,4246
DA:62,74
DA:63,4232
DA:66,77
DA:67,4238
DA:68,4232
DA:69,55628
DA:70,78
DA:71,39
DA:73,27775
DA:75,55590
DA:76,6410
DA:77,3205
DA:78,6406
DA:79,3203
DA:86,2
DA:98,0
DA:99,1
end_of_record
SF:/home/lxt/env-xs-ov-00-bpu/./rtl/common/DelayNWithValid_1.sv
DA:59,55590
DA:60,39
DA:61,5
DA:62,6
DA:63,22
DA:64,4
DA:65,1065
DA:66,3
DA:67,7
DA:68,1083
DA:69,1
DA:70,1063
DA:71,3
DA:72,2
DA:73,1080
DA:74,400
DA:75,414
DA:76,431
DA:77,2
DA:78,6
DA:79,6
DA:80,74
DA:81,3
DA:82,8
DA:83,21
DA:84,6
DA:85,1062
DA:86,1
DA:87,6
DA:88,1088
DA:89,1
DA:90,1064
DA:91,1
DA:92,2
DA:93,1077
DA:94,395
DA:95,412
DA:96,429
DA:97,1
DA:98,8
DA:99,4
DA:102,77
DA:103,3
DA:104,7
DA:105,25
DA:106,4
DA:107,1063
DA:108,1
DA:109,4
DA:110,1090
DA:111,2
DA:112,1062
DA:113,2
DA:114,3
DA:115,1078
DA:116,396
DA:117,413
DA:118,430
DA:119,1
DA:120,7
DA:121,5
DA:122,3
DA:123,8
DA:124,21
DA:125,6
DA:126,1062
DA:127,1
DA:128,6
DA:129,1088
DA:130,1
DA:131,1064
DA:132,1
DA:133,2
DA:134,1077
DA:135,395
DA:136,412
DA:137,429
DA:138,1
DA:139,8
DA:140,4
DA:141,55628
DA:142,78
DA:143,39
DA:145,27775
DA:147,55590
DA:148,6410
DA:149,3205
DA:150,3205
DA:151,3205
DA:152,3205
DA:153,3205
DA:154,3205
DA:155,3205
DA:156,3205
DA:157,3205
DA:158,3205
DA:159,3205
DA:160,3205
DA:161,3205
DA:162,3205
DA:163,3205
DA:164,3205
DA:165,3205
DA:166,3205
DA:167,3205
DA:169,6406
DA:170,3203
DA:171,3203
DA:172,3203
DA:173,3203
DA:174,3203
DA:175,3203
DA:176,3203
DA:177,3203
DA:178,3203
DA:179,3203
DA:180,3203
DA:181,3203
DA:182,3203
DA:183,3203
DA:184,3203
DA:185,3203
DA:186,3203
DA:187,3203
DA:188,3203
DA:196,2
DA:244,0
DA:245,1
end_of_record
SF:/home/lxt/env-xs-ov-00-bpu/./rtl/common/DelayN_2.sv
DA:59,55590
DA:60,37
DA:61,126
DA:64,49
DA:65,71
DA:66,92
DA:67,111
DA:68,126
DA:69,55590
DA:70,27795
DA:71,27795
DA:72,27795
DA:73,27795
DA:74,27795
DA:81,2
end_of_record
SF:/home/lxt/env-xs-ov-00-bpu/./rtl/common/DelayN_4.sv
DA:59,55590
DA:60,71
DA:61,73
DA:64,72
DA:65,73
DA:66,55590
DA:67,27795
DA:68,27795
DA:75,2
end_of_record
SF:/home/lxt/env-xs-ov-00-bpu/./rtl/common/ext_sram.v
DA:207,55590
DA:208,27820
DA:209,11
DA:210,107
DA:211,314
DA:216,111
DA:217,4210
DA:229,55590
DA:230,27795
DA:231,55590
DA:232,13456
DA:233,55590
DA:234,15342
DA:235,12453
DA:236,8040
DA:237,41772
end_of_record
SF:/home/lxt/env-xs-ov-00-bpu/out/picker_out_FTB/FTB.v
DA:59,55590
DA:60,39
DA:61,37
DA:62,4409
DA:63,4402
DA:64,4405
DA:65,4414
DA:66,6
DA:67,8
DA:68,7
DA:69,7
DA:70,8
DA:71,8
DA:72,6
DA:73,7
DA:74,7
DA:75,6
DA:76,6
DA:77,7
DA:78,7
DA:79,8
DA:80,6
DA:81,7
DA:82,12
DA:83,13
DA:84,49
DA:85,49
DA:86,166
DA:87,1154
DA:88,1151
DA:89,3
DA:90,5
DA:91,3739
DA:92,1109
DA:93,68
DA:94,14
DA:95,13
DA:96,53
DA:97,53
DA:98,165
DA:99,1158
DA:100,1154
DA:101,4
DA:102,3
DA:103,3720
DA:104,1114
DA:105,70
DA:106,14
DA:107,14
DA:108,53
DA:109,54
DA:110,179
DA:111,1174
DA:112,1172
DA:113,5
DA:114,6
DA:115,3745
DA:116,430
DA:117,399
DA:118,416
DA:119,1
DA:120,1114
DA:121,70
DA:122,13
DA:123,13
DA:124,54
DA:125,53
DA:126,175
DA:127,1167
DA:128,1170
DA:129,3
DA:130,3
DA:131,3737
DA:132,1077
DA:133,1112
DA:134,70
DA:135,13
DA:136,12
DA:137,47
DA:138,47
DA:139,181
DA:140,1168
DA:141,1174
DA:142,3750
DA:143,1073
DA:144,1106
DA:145,67
DA:146,12
DA:147,13
DA:148,50
DA:149,53
DA:150,193
DA:151,1183
DA:152,1186
DA:153,3729
DA:154,1073
DA:155,1112
DA:156,67
DA:157,12
DA:158,13
DA:159,51
DA:160,52
DA:161,198
DA:162,1177
DA:163,1172
DA:164,3760
DA:165,1074
DA:166,430
DA:167,398
DA:168,415
DA:169,1112
DA:170,67
DA:171,12
DA:172,13
DA:173,53
DA:174,51
DA:175,201
DA:176,1183
DA:177,1175
DA:178,4
DA:179,6
DA:180,3753
DA:181,1074
DA:182,1111
DA:183,66
DA:184,233
DA:185,49
DA:186,9
DA:187,62
DA:188,1
DA:189,1107
DA:190,47
DA:191,7
DA:192,1131
DA:193,3
DA:194,1108
DA:195,46
DA:196,5
DA:197,1075
DA:198,397
DA:199,415
DA:200,430
DA:201,2
DA:202,4
DA:203,7
DA:204,4
DA:205,7
DA:206,7
DA:207,6
DA:208,8
DA:209,15
DA:210,15
DA:211,15
DA:212,16
DA:213,18
DA:214,19
DA:215,20
DA:216,20
DA:217,107
DA:218,77
DA:219,4246
DA:220,5
DA:221,6
DA:222,22
DA:223,4
DA:224,1065
DA:225,3
DA:226,7
DA:227,1083
DA:228,1
DA:229,1063
DA:230,3
DA:231,2
DA:232,1080
DA:233,400
DA:234,414
DA:235,431
DA:236,2
DA:237,6
DA:238,6
DA:239,4
DA:240,220
DA:241,9
DA:242,74
DA:291,4511
DA:292,4516
DA:293,4575
DA:294,4530
DA:295,4492
DA:296,4457
DA:297,4486
DA:298,4476
DA:299,4502
DA:300,4479
DA:301,4510
DA:302,4502
DA:303,41
DA:304,41
DA:305,50
DA:306,2
DA:307,61
DA:308,2
DA:309,1109
DA:310,49
DA:311,6
DA:312,1127
DA:313,0
DA:314,1109
DA:315,49
DA:316,2
DA:317,1076
DA:318,398
DA:319,418
DA:320,430
DA:321,0
DA:322,5
DA:323,5
DA:324,2
DA:325,62
DA:326,1
DA:327,53
DA:328,3
DA:329,1140
DA:330,2
DA:331,1113
DA:332,54
DA:333,3
DA:334,1077
DA:335,4
DA:336,4
DA:337,2
DA:338,67
DA:339,4
DA:340,53
DA:341,4
DA:342,1132
DA:343,3
DA:344,1114
DA:345,54
DA:346,5
DA:347,1077
DA:348,400
DA:349,416
DA:350,431
DA:351,1
DA:352,6
DA:353,5
DA:354,4
DA:355,65
DA:356,2
DA:357,54
DA:358,2
DA:359,1130
DA:360,2
DA:361,1113
DA:362,52
DA:363,5
DA:364,1077
DA:365,5
DA:366,4
DA:367,48
DA:368,6
DA:369,64
DA:370,3
DA:371,1107
DA:372,48
DA:373,6
DA:374,1136
DA:375,2
DA:376,1108
DA:377,46
DA:378,4
DA:379,1074
DA:380,397
DA:381,415
DA:382,430
DA:383,2
DA:384,4
DA:385,6
DA:386,71
DA:387,2
DA:388,50
DA:389,1145
DA:390,5
DA:391,1112
DA:392,52
DA:393,6
DA:394,1074
DA:395,5
DA:396,5
DA:397,75
DA:398,4
DA:399,51
DA:400,1139
DA:401,3
DA:402,1113
DA:403,52
DA:404,7
DA:405,1072
DA:406,399
DA:407,414
DA:408,430
DA:409,5
DA:410,5
DA:411,4
DA:412,70
DA:413,2
DA:414,52
DA:415,6
DA:416,1140
DA:417,2
DA:418,1113
DA:419,51
DA:420,5
DA:421,1075
DA:422,5
DA:423,5
DA:424,55
DA:425,68
DA:426,70
DA:427,70
DA:428,71
DA:429,66
DA:430,67
DA:431,67
DA:432,67
DA:433,110
DA:434,109
DA:435,1431
DA:436,111
DA:437,109
DA:438,1434
DA:442,29
DA:443,25
DA:444,37
DA:445,1158
DA:456,1074
DA:457,98
DA:458,97
DA:459,1373
DA:460,90
DA:461,95
DA:462,1369
DA:466,25
DA:467,19
DA:468,19
DA:469,1160
DA:480,1076
DA:481,108
DA:482,111
DA:483,1380
DA:484,109
DA:485,105
DA:486,1381
DA:490,39
DA:491,34
DA:492,22
DA:493,1168
DA:504,1078
DA:505,109
DA:506,116
DA:507,1388
DA:508,104
DA:509,112
DA:510,1384
DA:514,28
DA:515,32
DA:516,33
DA:517,1170
DA:528,1078
DA:530,1078
DA:531,120
DA:532,122
DA:533,1388
DA:534,113
DA:535,118
DA:536,1397
DA:540,37
DA:541,46
DA:542,48
DA:543,1170
DA:554,1073
DA:556,117
DA:557,107
DA:558,1384
DA:559,111
DA:560,106
DA:561,1387
DA:565,31
DA:566,31
DA:567,35
DA:568,1179
DA:579,1073
DA:581,128
DA:582,123
DA:583,1396
DA:584,129
DA:585,126
DA:586,1401
DA:590,43
DA:591,45
DA:592,36
DA:593,1175
DA:604,1073
DA:606,119
DA:607,118
DA:608,1394
DA:609,115
DA:610,123
DA:611,1395
DA:615,35
DA:616,39
DA:617,36
DA:618,1183
DA:629,1074
DA:631,130
DA:632,128
DA:633,74
DA:634,5
DA:635,71
DA:636,71
DA:639,63
DA:640,81
DA:641,6
DA:642,6
DA:643,73
DA:644,74
DA:646,55590
DA:647,40
DA:648,20
DA:649,20
DA:650,20
DA:651,20
DA:653,27775
DA:654,2030
DA:655,25745
DA:656,2030
DA:657,25745
DA:658,1029
DA:659,26746
DA:660,2030
DA:661,25745
DA:663,3097
DA:664,24698
DA:665,24698
DA:666,24698
DA:667,24698
DA:668,24698
DA:669,24698
DA:670,24698
DA:671,24698
DA:672,24698
DA:673,24698
DA:674,24698
DA:675,24698
DA:676,24698
DA:677,24698
DA:678,24698
DA:679,24698
DA:680,24698
DA:681,24698
DA:682,24698
DA:683,24698
DA:684,24698
DA:685,24698
DA:686,24698
DA:687,24698
DA:688,24698
DA:689,24698
DA:690,24698
DA:691,24698
DA:692,24698
DA:693,24698
DA:694,24698
DA:695,24698
DA:697,3097
DA:698,24698
DA:699,24698
DA:700,24698
DA:701,24698
DA:702,24698
DA:703,24698
DA:704,24698
DA:705,24698
DA:706,24698
DA:707,24698
DA:708,24698
DA:709,24698
DA:710,24698
DA:711,24698
DA:712,24698
DA:713,24698
DA:714,24698
DA:715,24698
DA:716,24698
DA:717,24698
DA:718,24698
DA:719,24698
DA:720,24698
DA:721,24698
DA:723,3096
DA:724,24699
DA:725,24699
DA:726,24699
DA:727,24699
DA:728,24699
DA:729,24699
DA:730,24699
DA:731,24699
DA:732,24699
DA:733,24699
DA:734,24699
DA:735,24699
DA:736,24699
DA:737,24699
DA:738,24699
DA:739,24699
DA:740,24699
DA:741,24699
DA:742,24699
DA:743,24699
DA:744,24699
DA:745,24699
DA:746,24699
DA:747,24699
DA:748,24699
DA:749,24699
DA:750,24699
DA:751,24699
DA:752,24699
DA:754,3096
DA:755,24699
DA:756,24699
DA:757,24699
DA:758,24699
DA:759,24699
DA:760,24699
DA:761,24699
DA:762,24699
DA:763,24699
DA:764,24699
DA:765,24699
DA:766,24699
DA:767,24699
DA:768,24699
DA:769,24699
DA:770,24699
DA:771,24699
DA:772,24699
DA:773,24699
DA:774,24699
DA:775,24699
DA:776,24699
DA:777,24699
DA:778,24699
DA:780,3097
DA:781,24698
DA:782,24698
DA:783,24698
DA:784,24698
DA:785,24698
DA:786,24698
DA:787,24698
DA:788,24698
DA:789,24698
DA:790,24698
DA:791,24698
DA:792,24698
DA:793,24698
DA:794,24698
DA:795,24698
DA:796,24698
DA:797,24698
DA:798,24698
DA:799,24698
DA:800,24698
DA:801,24698
DA:802,24698
DA:803,24698
DA:804,24698
DA:805,24698
DA:806,24698
DA:807,24698
DA:808,24698
DA:809,24698
DA:810,24698
DA:812,3096
DA:813,24699
DA:814,24699
DA:815,24699
DA:816,24699
DA:817,24699
DA:818,24699
DA:819,24699
DA:820,24699
DA:821,24699
DA:822,24699
DA:823,24699
DA:824,24699
DA:825,24699
DA:826,24699
DA:827,24699
DA:828,24699
DA:829,24699
DA:830,24699
DA:831,24699
DA:832,24699
DA:833,24699
DA:835,3096
DA:836,24699
DA:837,24699
DA:838,24699
DA:839,24699
DA:840,24699
DA:841,24699
DA:842,24699
DA:843,24699
DA:844,24699
DA:845,24699
DA:846,24699
DA:847,24699
DA:848,24699
DA:849,24699
DA:850,24699
DA:851,24699
DA:852,24699
DA:853,24699
DA:854,24699
DA:855,24699
DA:856,24699
DA:857,24699
DA:858,24699
DA:859,24699
DA:861,3096
DA:862,24699
DA:863,24699
DA:864,24699
DA:865,24699
DA:866,24699
DA:867,24699
DA:868,24699
DA:869,24699
DA:870,24699
DA:871,24699
DA:872,24699
DA:873,24699
DA:874,24699
DA:875,24699
DA:876,24699
DA:877,24699
DA:878,24699
DA:879,24699
DA:880,24699
DA:881,24699
DA:882,24699
DA:883,24699
DA:884,24699
DA:886,27795
DA:887,27795
DA:888,27795
DA:889,27795
DA:890,27795
DA:891,27795
DA:892,27795
DA:893,27795
DA:894,27795
DA:896,55628
DA:897,78
DA:898,39
DA:899,39
DA:900,39
DA:901,39
DA:902,39
DA:903,39
DA:904,39
DA:905,39
DA:907,27775
DA:908,3094
DA:909,24681
DA:910,3094
DA:911,24681
DA:912,3094
DA:913,24681
DA:914,3094
DA:915,24681
DA:916,3094
DA:917,24681
DA:918,3094
DA:919,24681
DA:920,3094
DA:921,24681
DA:922,3094
DA:923,24681
DA:931,2
DA:1166,0
DA:1167,1
DA:1168,1
DA:1169,1
DA:1170,1
DA:1171,1
DA:1172,1
DA:1173,1
DA:1174,1
end_of_record
SF:/home/lxt/env-xs-ov-00-bpu/out/picker_out_FTB/FTB_top.sv
DA:3,55590
DA:4,39
DA:5,37
DA:6,4409
DA:7,4402
DA:8,4405
DA:9,4414
DA:10,6
DA:11,8
DA:12,7
DA:13,7
DA:14,8
DA:15,8
DA:16,6
DA:17,7
DA:18,7
DA:19,6
DA:20,6
DA:21,7
DA:22,7
DA:23,8
DA:24,6
DA:25,7
DA:26,12
DA:27,13
DA:28,49
DA:29,49
DA:30,166
DA:31,1154
DA:32,1151
DA:33,3
DA:34,5
DA:35,3739
DA:36,1109
DA:37,68
DA:38,14
DA:39,13
DA:40,53
DA:41,53
DA:42,165
DA:43,1158
DA:44,1154
DA:45,4
DA:46,3
DA:47,3720
DA:48,1114
DA:49,70
DA:50,14
DA:51,14
DA:52,53
DA:53,54
DA:54,179
DA:55,1174
DA:56,1172
DA:57,5
DA:58,6
DA:59,3745
DA:60,430
DA:61,399
DA:62,416
DA:63,1
DA:64,1114
DA:65,70
DA:66,13
DA:67,13
DA:68,54
DA:69,53
DA:70,175
DA:71,1167
DA:72,1170
DA:73,3
DA:74,3
DA:75,3737
DA:76,1077
DA:77,1112
DA:78,70
DA:79,13
DA:80,12
DA:81,47
DA:82,47
DA:83,181
DA:84,1168
DA:85,1174
DA:86,3750
DA:87,1073
DA:88,1106
DA:89,67
DA:90,12
DA:91,13
DA:92,50
DA:93,53
DA:94,193
DA:95,1183
DA:96,1186
DA:97,3729
DA:98,1073
DA:99,1112
DA:100,67
DA:101,12
DA:102,13
DA:103,51
DA:104,52
DA:105,198
DA:106,1177
DA:107,1172
DA:108,3760
DA:109,1074
DA:110,430
DA:111,398
DA:112,415
DA:113,1112
DA:114,67
DA:115,12
DA:116,13
DA:117,53
DA:118,51
DA:119,201
DA:120,1183
DA:121,1175
DA:122,4
DA:123,6
DA:124,3753
DA:125,1074
DA:126,1111
DA:127,66
DA:128,233
DA:129,49
DA:130,9
DA:131,62
DA:132,1
DA:133,1107
DA:134,47
DA:135,7
DA:136,1131
DA:137,3
DA:138,1108
DA:139,46
DA:140,5
DA:141,1075
DA:142,397
DA:143,415
DA:144,430
DA:145,2
DA:146,4
DA:147,7
DA:148,4
DA:149,7
DA:150,7
DA:151,6
DA:152,8
DA:153,15
DA:154,15
DA:155,15
DA:156,16
DA:157,18
DA:158,19
DA:159,20
DA:160,20
DA:161,107
DA:162,77
DA:163,4246
DA:164,5
DA:165,6
DA:166,22
DA:167,4
DA:168,1065
DA:169,3
DA:170,7
DA:171,1083
DA:172,1
DA:173,1063
DA:174,3
DA:175,2
DA:176,1080
DA:177,400
DA:178,414
DA:179,431
DA:180,2
DA:181,6
DA:182,6
DA:183,4
DA:184,220
DA:185,9
DA:186,74
DA:746,2
DA:748,1
DA:751,111180
DA:753,55590
DA:756,2006
DA:758,1003
DA:761,80
DA:763,40
DA:766,55590
DA:768,27795
DA:771,2
DA:773,1
DA:776,8748
DA:778,4374
DA:781,4350
DA:783,2175
DA:786,8748
DA:788,4374
DA:791,4350
DA:793,2175
DA:796,8748
DA:798,4374
DA:801,4350
DA:803,2175
DA:806,8748
DA:808,4374
DA:811,4350
DA:813,2175
DA:816,55590
DA:818,27795
DA:821,14
DA:823,7
DA:826,55590
DA:828,27795
DA:831,14
DA:833,7
DA:836,55590
DA:838,27795
DA:841,14
DA:843,7
DA:846,55590
DA:848,27795
DA:851,14
DA:853,7
DA:856,55590
DA:858,27795
DA:861,14
DA:863,7
DA:866,55590
DA:868,27795
DA:871,14
DA:873,7
DA:876,55590
DA:878,27795
DA:881,14
DA:883,7
DA:886,55590
DA:888,27795
DA:891,14
DA:893,7
DA:896,55590
DA:898,27795
DA:901,14
DA:903,7
DA:906,55590
DA:908,27795
DA:911,14
DA:913,7
DA:916,55590
DA:918,27795
DA:921,14
DA:923,7
DA:926,55590
DA:928,27795
DA:931,14
DA:933,7
DA:936,55590
DA:938,27795
DA:941,14
DA:943,7
DA:946,55590
DA:948,27795
DA:951,14
DA:953,7
DA:956,55590
DA:958,27795
DA:961,14
DA:963,7
DA:966,55590
DA:968,27795
DA:971,14
DA:973,7
DA:976,111218
DA:978,55609
DA:981,0
DA:983,0
DA:986,111218
DA:988,55609
DA:991,0
DA:993,0
DA:996,111182
DA:998,55591
DA:1001,0
DA:1003,0
DA:1006,111182
DA:1008,55591
DA:1011,0
DA:1013,0
DA:1016,111182
DA:1018,55591
DA:1021,0
DA:1023,0
DA:1026,111182
DA:1028,55591
DA:1031,0
DA:1033,0
DA:1036,111182
DA:1038,55591
DA:1041,0
DA:1043,0
DA:1046,111182
DA:1048,55591
DA:1051,0
DA:1053,0
DA:1056,111182
DA:1058,55591
DA:1061,0
DA:1063,0
DA:1066,111182
DA:1068,55591
DA:1071,0
DA:1073,0
DA:1076,111182
DA:1078,55591
DA:1081,0
DA:1083,0
DA:1086,111272
DA:1088,55636
DA:1091,0
DA:1093,0
DA:1096,111182
DA:1098,55591
DA:1101,0
DA:1103,0
DA:1106,111182
DA:1108,55591
DA:1111,0
DA:1113,0
DA:1116,111182
DA:1118,55591
DA:1121,0
DA:1123,0
DA:1126,111182
DA:1128,55591
DA:1131,0
DA:1133,0
DA:1136,111182
DA:1138,55591
DA:1141,0
DA:1143,0
DA:1146,111182
DA:1148,55591
DA:1151,0
DA:1153,0
DA:1156,111182
DA:1158,55591
DA:1161,0
DA:1163,0
DA:1166,111182
DA:1168,55591
DA:1171,0
DA:1173,0
DA:1176,111182
DA:1178,55591
DA:1181,0
DA:1183,0
DA:1186,111182
DA:1188,55591
DA:1191,0
DA:1193,0
DA:1196,111182
DA:1198,55591
DA:1201,0
DA:1203,0
DA:1206,111182
DA:1208,55591
DA:1211,0
DA:1213,0
DA:1216,111182
DA:1218,55591
DA:1221,0
DA:1223,0
DA:1226,111182
DA:1228,55591
DA:1231,0
DA:1233,0
DA:1236,111182
DA:1238,55591
DA:1241,0
DA:1243,0
DA:1246,111182
DA:1248,55591
DA:1251,0
DA:1253,0
DA:1256,111182
DA:1258,55591
DA:1261,0
DA:1263,0
DA:1266,111182
DA:1268,55591
DA:1271,0
DA:1273,0
DA:1276,111182
DA:1278,55591
DA:1281,0
DA:1283,0
DA:1286,111182
DA:1288,55591
DA:1291,0
DA:1293,0
DA:1296,111182
DA:1298,55591
DA:1301,0
DA:1303,0
DA:1306,111182
DA:1308,55591
DA:1311,0
DA:1313,0
DA:1316,119930
DA:1318,59965
DA:1321,0
DA:1323,0
DA:1326,119930
DA:1328,59965
DA:1331,0
DA:1333,0
DA:1336,119930
DA:1338,59965
DA:1341,0
DA:1343,0
DA:1346,119930
DA:1348,59965
DA:1351,0
DA:1353,0
DA:1356,111182
DA:1358,55591
DA:1361,0
DA:1363,0
DA:1366,111182
DA:1368,55591
DA:1371,0
DA:1373,0
DA:1376,119930
DA:1378,59965
DA:1381,0
DA:1383,0
DA:1386,119930
DA:1388,59965
DA:1391,0
DA:1393,0
DA:1396,119930
DA:1398,59965
DA:1401,0
DA:1403,0
DA:1406,119930
DA:1408,59965
DA:1411,0
DA:1413,0
DA:1416,119940
DA:1418,59970
DA:1421,0
DA:1423,0
DA:1426,119930
DA:1428,59965
DA:1431,0
DA:1433,0
DA:1436,119930
DA:1438,59965
DA:1441,0
DA:1443,0
DA:1446,119930
DA:1448,59965
DA:1451,0
DA:1453,0
DA:1456,119930
DA:1458,59965
DA:1461,0
DA:1463,0
DA:1466,119930
DA:1468,59965
DA:1471,0
DA:1473,0
DA:1476,119930
DA:1478,59965
DA:1481,0
DA:1483,0
DA:1486,119930
DA:1488,59965
DA:1491,0
DA:1493,0
DA:1496,161328
DA:1498,80664
DA:1501,0
DA:1503,0
DA:1506,111218
DA:1508,55609
DA:1511,0
DA:1513,0
DA:1516,111218
DA:1518,55609
DA:1521,0
DA:1523,0
DA:1526,111182
DA:1528,55591
DA:1531,0
DA:1533,0
DA:1536,111182
DA:1538,55591
DA:1541,0
DA:1543,0
DA:1546,111182
DA:1548,55591
DA:1551,0
DA:1553,0
DA:1556,111182
DA:1558,55591
DA:1561,0
DA:1563,0
DA:1566,111182
DA:1568,55591
DA:1571,0
DA:1573,0
DA:1576,111182
DA:1578,55591
DA:1581,0
DA:1583,0
DA:1586,111182
DA:1588,55591
DA:1591,0
DA:1593,0
DA:1596,111182
DA:1598,55591
DA:1601,0
DA:1603,0
DA:1606,111232
DA:1608,55616
DA:1611,0
DA:1613,0
DA:1616,111182
DA:1618,55591
DA:1621,0
DA:1623,0
DA:1626,111182
DA:1628,55591
DA:1631,0
DA:1633,0
DA:1636,111182
DA:1638,55591
DA:1641,0
DA:1643,0
DA:1646,111182
DA:1648,55591
DA:1651,0
DA:1653,0
DA:1656,111182
DA:1658,55591
DA:1661,0
DA:1663,0
DA:1666,111182
DA:1668,55591
DA:1671,0
DA:1673,0
DA:1676,111182
DA:1678,55591
DA:1681,0
DA:1683,0
DA:1686,111182
DA:1688,55591
DA:1691,0
DA:1693,0
DA:1696,111182
DA:1698,55591
DA:1701,0
DA:1703,0
DA:1706,111182
DA:1708,55591
DA:1711,0
DA:1713,0
DA:1716,111182
DA:1718,55591
DA:1721,0
DA:1723,0
DA:1726,111182
DA:1728,55591
DA:1731,0
DA:1733,0
DA:1736,111182
DA:1738,55591
DA:1741,0
DA:1743,0
DA:1746,111182
DA:1748,55591
DA:1751,0
DA:1753,0
DA:1756,111182
DA:1758,55591
DA:1761,0
DA:1763,0
DA:1766,111182
DA:1768,55591
DA:1771,0
DA:1773,0
DA:1776,111182
DA:1778,55591
DA:1781,0
DA:1783,0
DA:1786,111182
DA:1788,55591
DA:1791,0
DA:1793,0
DA:1796,111182
DA:1798,55591
DA:1801,0
DA:1803,0
DA:1806,111182
DA:1808,55591
DA:1811,0
DA:1813,0
DA:1816,119930
DA:1818,59965
DA:1821,0
DA:1823,0
DA:1826,119930
DA:1828,59965
DA:1831,0
DA:1833,0
DA:1836,119930
DA:1838,59965
DA:1841,0
DA:1843,0
DA:1846,111182
DA:1848,55591
DA:1851,0
DA:1853,0
DA:1856,111182
DA:1858,55591
DA:1861,0
DA:1863,0
DA:1866,152914
DA:1868,76457
DA:1871,0
DA:1873,0
DA:1876,152914
DA:1878,76457
DA:1881,0
DA:1883,0
DA:1886,152914
DA:1888,76457
DA:1891,0
DA:1893,0
DA:1896,152914
DA:1898,76457
DA:1901,0
DA:1903,0
DA:1906,119930
DA:1908,59965
DA:1911,0
DA:1913,0
DA:1916,119930
DA:1918,59965
DA:1921,0
DA:1923,0
DA:1926,119930
DA:1928,59965
DA:1931,0
DA:1933,0
DA:1936,119930
DA:1938,59965
DA:1941,0
DA:1943,0
DA:1946,119930
DA:1948,59965
DA:1951,0
DA:1953,0
DA:1956,119930
DA:1958,59965
DA:1961,0
DA:1963,0
DA:1966,152914
DA:1968,76457
DA:1971,0
DA:1973,0
DA:1976,152914
DA:1978,76457
DA:1981,0
DA:1983,0
DA:1986,128344
DA:1988,64172
DA:1991,0
DA:1993,0
DA:1996,124066
DA:1998,62033
DA:2001,0
DA:2003,0
DA:2006,119930
DA:2008,59965
DA:2011,0
DA:2013,0
DA:2016,119930
DA:2018,59965
DA:2021,0
DA:2023,0
DA:2026,119930
DA:2028,59965
DA:2031,0
DA:2033,0
DA:2036,119930
DA:2038,59965
DA:2041,0
DA:2043,0
DA:2046,119930
DA:2048,59965
DA:2051,0
DA:2053,0
DA:2056,119930
DA:2058,59965
DA:2061,0
DA:2063,0
DA:2066,119930
DA:2068,59965
DA:2071,0
DA:2073,0
DA:2076,119930
DA:2078,59965
DA:2081,0
DA:2083,0
DA:2086,119930
DA:2088,59965
DA:2091,0
DA:2093,0
DA:2096,119930
DA:2098,59965
DA:2101,0
DA:2103,0
DA:2106,119930
DA:2108,59965
DA:2111,0
DA:2113,0
DA:2116,119930
DA:2118,59965
DA:2121,0
DA:2123,0
DA:2126,119930
DA:2128,59965
DA:2131,0
DA:2133,0
DA:2136,119930
DA:2138,59965
DA:2141,0
DA:2143,0
DA:2146,119930
DA:2148,59965
DA:2151,0
DA:2153,0
DA:2156,119930
DA:2158,59965
DA:2161,0
DA:2163,0
DA:2166,119930
DA:2168,59965
DA:2171,0
DA:2173,0
DA:2176,119930
DA:2178,59965
DA:2181,0
DA:2183,0
DA:2186,119930
DA:2188,59965
DA:2191,0
DA:2193,0
DA:2196,55590
DA:2198,27795
DA:2201,8
DA:2203,4
DA:2206,10754
DA:2208,5377
DA:2211,14
DA:2213,7
DA:2216,8748
DA:2218,4374
DA:2221,14
DA:2223,7
DA:2226,8748
DA:2228,4374
DA:2231,14
DA:2233,7
DA:2236,8748
DA:2238,4374
DA:2241,14
DA:2243,7
DA:2246,10754
DA:2248,5377
DA:2251,28
DA:2253,14
DA:2256,55590
DA:2258,27795
DA:2261,30
DA:2263,15
DA:2266,55590
DA:2268,27795
DA:2271,30
DA:2273,15
DA:2276,55590
DA:2278,27795
DA:2281,30
DA:2283,15
DA:2286,10754
DA:2288,5377
DA:2291,36
DA:2293,18
DA:2296,55590
DA:2298,27795
DA:2301,38
DA:2303,19
DA:2306,55590
DA:2308,27795
DA:2311,38
DA:2313,19
DA:2316,55590
DA:2318,27795
DA:2321,38
DA:2323,19
DA:2326,111182
DA:2328,55591
DA:2331,0
DA:2333,0
DA:2336,55590
DA:2338,27795
DA:2341,154
DA:2343,77
DA:2346,55590
DA:2348,27795
DA:2351,4246
DA:2353,2123
DA:2356,55590
DA:2358,27795
DA:2361,8
DA:2363,4
DA:2366,55590
DA:2368,27795
DA:2371,6
DA:2373,3
DA:2376,55590
DA:2378,27795
DA:2381,18
DA:2383,9
DA:2386,55590
DA:2388,27795
DA:2391,8
DA:2393,4
DA:2396,55590
DA:2398,27795
DA:2401,2128
DA:2403,1064
DA:2406,55590
DA:2408,27795
DA:2411,4
DA:2413,2
DA:2416,55590
DA:2418,27795
DA:2421,6
DA:2423,3
DA:2426,55590
DA:2428,27795
DA:2431,2132
DA:2433,1066
DA:2436,55590
DA:2438,27795
DA:2441,2
DA:2443,1
DA:2446,55590
DA:2448,27795
DA:2451,2128
DA:2453,1064
DA:2456,55590
DA:2458,27795
DA:2461,6
DA:2463,3
DA:2466,55590
DA:2468,27795
DA:2471,2
DA:2473,1
DA:2476,55590
DA:2478,27795
DA:2481,2160
DA:2483,1080
DA:2486,55590
DA:2488,27795
DA:2491,798
DA:2493,399
DA:2496,55590
DA:2498,27795
DA:2501,830
DA:2503,415
DA:2506,55590
DA:2508,27795
DA:2511,864
DA:2513,432
DA:2516,55590
DA:2518,27795
DA:2521,2
DA:2523,1
DA:2526,55590
DA:2528,27795
DA:2531,14
DA:2533,7
DA:2536,55590
DA:2538,27795
DA:2541,10
DA:2543,5
DA:2546,55590
DA:2548,27795
DA:2551,6
DA:2553,3
DA:2556,55590
DA:2558,27795
DA:2561,8
DA:2563,4
DA:2566,111182
DA:2568,55591
DA:2571,0
DA:2573,0
DA:2576,111182
DA:2578,55591
DA:2581,0
DA:2583,0
DA:2588,2
DA:2589,1
DA:2590,1
end_of_record
