TN:verilator_coverage
SF:/home/lxt/env-xs-ov-00-bpu/./rtl/common/DelayN_2.sv
DA:59,4498
DA:60,37
DA:61,114
DA:64,50
DA:65,65
DA:66,82
DA:67,96
DA:68,114
DA:69,4498
DA:70,2249
DA:71,2249
DA:72,2249
DA:73,2249
DA:74,2249
DA:81,2
end_of_record
SF:/home/lxt/env-xs-ov-00-bpu/./rtl/uFTB/FauFTBWay.sv
DA:59,4498
DA:60,51
DA:61,2964
DA:62,142
DA:63,418
DA:64,67
DA:65,35
DA:66,139
DA:67,738
DA:68,69
DA:69,124
DA:70,33
DA:71,124
DA:72,36
DA:73,27
DA:74,30
DA:75,2939
DA:76,2856
DA:77,2958
DA:78,86
DA:79,9
DA:80,19
DA:81,7
DA:82,2
DA:83,5
DA:84,39
DA:85,4
DA:86,5
DA:87,1
DA:88,7
DA:89,1
DA:90,4
DA:91,3
DA:92,2808
DA:95,142
DA:96,418
DA:97,67
DA:98,35
DA:99,139
DA:100,738
DA:101,69
DA:102,124
DA:103,33
DA:104,124
DA:105,36
DA:106,27
DA:107,30
DA:108,682
DA:109,1133
DA:110,143936
DA:111,2892
DA:112,1446
DA:113,1446
DA:114,1446
DA:115,1446
DA:116,1446
DA:117,1446
DA:118,1446
DA:119,1446
DA:120,1446
DA:121,1446
DA:122,1446
DA:123,1446
DA:124,1446
DA:125,1446
DA:128,145536
DA:129,3264
DA:130,1632
DA:132,71136
DA:139,64
DA:163,0
DA:164,32
end_of_record
SF:/home/lxt/env-xs-ov-00-bpu/out/picker_out_uFTB/FauFTB.v
DA:59,4498
DA:60,51
DA:61,37
DA:62,2985
DA:63,2983
DA:64,2993
DA:65,2990
DA:66,3016
DA:67,3013
DA:68,2991
DA:69,3009
DA:70,40
DA:71,50
DA:72,56
DA:73,56
DA:74,134
DA:75,74
DA:76,4
DA:77,1
DA:78,2968
DA:79,46
DA:80,56
DA:81,39
DA:82,49
DA:83,55
DA:84,56
DA:85,143
DA:86,74
DA:87,3
DA:88,3
DA:89,2967
DA:90,47
DA:91,56
DA:92,39
DA:93,50
DA:94,55
DA:95,55
DA:96,143
DA:97,74
DA:98,4
DA:99,2
DA:100,2964
DA:101,46
DA:102,55
DA:103,39
DA:104,50
DA:105,56
DA:106,55
DA:107,141
DA:108,73
DA:109,3
DA:110,3
DA:111,2965
DA:112,56
DA:113,46
DA:114,55
DA:115,135
DA:116,4
DA:117,3
DA:118,2
DA:119,4
DA:120,2
DA:121,6
DA:122,8
DA:123,68
DA:124,2883
DA:125,4
DA:126,12
DA:127,4
DA:128,2
DA:129,3
DA:130,27
DA:131,3
DA:132,8
DA:133,3
DA:134,5
DA:135,1
DA:136,4
DA:137,3
DA:138,13
DA:139,11
DA:140,239
DA:141,4
DA:142,69
DA:145,28
DA:146,5
DA:628,3018
DA:629,3015
DA:630,2994
DA:631,3009
DA:632,52
DA:633,52
DA:634,74
DA:635,36
DA:636,56
DA:637,31
DA:638,65
DA:639,31
DA:640,58
DA:641,31
DA:642,66
DA:643,31
DA:644,57
DA:645,31
DA:646,58
DA:647,30
DA:648,57
DA:649,32
DA:650,65
DA:651,31
DA:652,57
DA:653,31
DA:654,60
DA:655,32
DA:656,56
DA:657,30
DA:658,65
DA:659,32
DA:660,58
DA:661,31
DA:662,58
DA:663,30
DA:664,57
DA:665,31
DA:666,66
DA:667,30
DA:668,56
DA:669,31
DA:670,65
DA:671,31
DA:672,58
DA:673,31
DA:674,66
DA:675,31
DA:676,57
DA:677,31
DA:678,57
DA:679,30
DA:680,58
DA:681,32
DA:682,66
DA:683,31
DA:684,57
DA:685,30
DA:686,57
DA:687,31
DA:688,57
DA:689,31
DA:690,65
DA:691,31
DA:692,58
DA:693,30
DA:694,57
DA:695,31
DA:696,57
DA:697,30
DA:698,7383
DA:699,2944
DA:735,2
DA:741,1
DA:746,3
DA:751,95
DA:756,2
DA:761,2
DA:766,2
DA:771,2
DA:776,3
DA:781,3
DA:786,3
DA:791,1
DA:796,1
DA:801,1
DA:806,2
DA:811,1
DA:816,3
DA:821,92
DA:826,2
DA:831,2
DA:836,2
DA:841,2
DA:846,1
DA:851,2
DA:856,3
DA:861,1
DA:866,2
DA:871,92
DA:876,2
DA:881,94
DA:886,3
DA:891,1
DA:2169,4
DA:2170,55
DA:2171,3
DA:2172,47
DA:2173,3
DA:2174,40
DA:2175,68
DA:2176,2808
DA:2177,1732
DA:2178,34
DA:2179,2966
DA:2206,9
DA:2207,19
DA:2208,7
DA:2209,2
DA:2210,5
DA:2211,39
DA:2212,4
DA:2213,5
DA:2214,1
DA:2215,7
DA:2216,1
DA:2217,4
DA:2218,3
DA:2219,119
DA:2220,86
DA:2221,97
DA:2222,86
DA:2223,96
DA:2224,86
DA:2225,89
DA:2226,86
DA:2227,99
DA:2228,86
DA:2229,90
DA:2230,86
DA:2231,97
DA:2232,87
DA:2233,88
DA:2234,86
DA:2235,99
DA:2236,87
DA:2237,97
DA:2238,87
DA:2239,97
DA:2240,86
DA:2241,88
DA:2242,86
DA:2243,96
DA:2244,86
DA:2245,88
DA:2246,86
DA:2247,97
DA:2248,87
DA:2249,89
DA:2250,86
DA:2251,5
DA:2252,10
DA:2253,11
DA:2254,12
DA:2255,3
DA:2256,2
DA:2257,66
DA:2258,68
DA:2260,2959
DA:2326,2818
DA:2347,4498
DA:2348,52
DA:2349,26
DA:2350,26
DA:2351,26
DA:2352,26
DA:2354,2223
DA:2355,12
DA:2356,2211
DA:2357,12
DA:2358,2211
DA:2359,14
DA:2360,2209
DA:2361,12
DA:2362,2211
DA:2364,2249
DA:2365,2249
DA:2366,2249
DA:2367,68
DA:2368,34
DA:2369,34
DA:2371,68
DA:2372,34
DA:2373,34
DA:2375,2249
DA:2376,40
DA:2377,20
DA:2378,2249
DA:2379,803
DA:2380,1446
DA:2381,1446
DA:2382,1446
DA:2383,1446
DA:2384,1446
DA:2385,1446
DA:2386,1446
DA:2387,1446
DA:2388,1446
DA:2389,1446
DA:2390,1446
DA:2391,1446
DA:2392,1446
DA:2393,1446
DA:2394,1446
DA:2395,1446
DA:2396,1446
DA:2397,1446
DA:2398,1446
DA:2399,1446
DA:2400,1446
DA:2401,1446
DA:2402,1446
DA:2403,1446
DA:2404,1446
DA:2406,2249
DA:2407,2249
DA:2408,2249
DA:2409,2249
DA:2515,4548
DA:2516,102
DA:2517,51
DA:2518,51
DA:2519,51
DA:2520,51
DA:2521,51
DA:2522,51
DA:2523,51
DA:2524,51
DA:2525,51
DA:2526,51
DA:2527,51
DA:2528,51
DA:2529,51
DA:2530,51
DA:2531,51
DA:2532,51
DA:2533,51
DA:2534,51
DA:2535,51
DA:2536,51
DA:2537,51
DA:2538,51
DA:2539,51
DA:2540,51
DA:2541,51
DA:2542,51
DA:2543,51
DA:2544,51
DA:2545,51
DA:2546,51
DA:2547,51
DA:2548,51
DA:2549,51
DA:2550,51
DA:2551,51
DA:2552,51
DA:2553,51
DA:2554,51
DA:2555,51
DA:2556,51
DA:2557,51
DA:2558,51
DA:2559,51
DA:2560,51
DA:2561,51
DA:2562,51
DA:2563,51
DA:2564,51
DA:2565,51
DA:2566,51
DA:2567,51
DA:2568,51
DA:2569,51
DA:2570,51
DA:2571,51
DA:2572,51
DA:2573,51
DA:2574,51
DA:2575,51
DA:2576,51
DA:2577,51
DA:2578,51
DA:2579,51
DA:2580,51
DA:2581,51
DA:2583,2223
DA:2584,110
DA:2585,12
DA:2586,6
DA:2587,18
DA:2588,9
DA:2589,23
DA:2590,17
DA:2592,23
DA:2594,58
DA:2595,12
DA:2596,6
DA:2597,10
DA:2598,5
DA:2599,10
DA:2600,8
DA:2602,10
DA:2604,86
DA:2605,10
DA:2606,5
DA:2607,14
DA:2608,7
DA:2609,19
DA:2610,12
DA:2612,19
DA:2614,52
DA:2615,12
DA:2616,6
DA:2617,8
DA:2618,4
DA:2619,8
DA:2620,8
DA:2622,8
DA:2624,96
DA:2625,12
DA:2626,6
DA:2627,14
DA:2628,7
DA:2629,19
DA:2630,16
DA:2632,19
DA:2634,52
DA:2635,12
DA:2636,6
DA:2637,8
DA:2638,4
DA:2639,8
DA:2640,8
DA:2642,8
DA:2644,86
DA:2645,10
DA:2646,5
DA:2647,14
DA:2648,7
DA:2649,19
DA:2650,12
DA:2652,19
DA:2654,52
DA:2655,12
DA:2656,6
DA:2657,8
DA:2658,4
DA:2659,8
DA:2660,8
DA:2662,8
DA:2664,96
DA:2665,12
DA:2666,6
DA:2667,14
DA:2668,7
DA:2669,19
DA:2670,16
DA:2672,19
DA:2674,52
DA:2675,12
DA:2676,6
DA:2677,8
DA:2678,4
DA:2679,8
DA:2680,8
DA:2682,8
DA:2684,86
DA:2685,10
DA:2686,5
DA:2687,14
DA:2688,7
DA:2689,19
DA:2690,12
DA:2692,19
DA:2694,52
DA:2695,12
DA:2696,6
DA:2697,8
DA:2698,4
DA:2699,8
DA:2700,8
DA:2702,8
DA:2704,88
DA:2705,12
DA:2706,6
DA:2707,14
DA:2708,7
DA:2709,19
DA:2710,12
DA:2712,19
DA:2714,52
DA:2715,12
DA:2716,6
DA:2717,8
DA:2718,4
DA:2719,8
DA:2720,8
DA:2722,8
DA:2724,86
DA:2725,10
DA:2726,5
DA:2727,14
DA:2728,7
DA:2729,19
DA:2730,12
DA:2732,19
DA:2734,52
DA:2735,12
DA:2736,6
DA:2737,8
DA:2738,4
DA:2739,8
DA:2740,8
DA:2742,8
DA:2744,98
DA:2745,12
DA:2746,6
DA:2747,14
DA:2748,7
DA:2749,19
DA:2750,17
DA:2752,19
DA:2754,52
DA:2755,12
DA:2756,6
DA:2757,8
DA:2758,4
DA:2759,8
DA:2760,8
DA:2762,8
DA:2764,86
DA:2765,10
DA:2766,5
DA:2767,14
DA:2768,7
DA:2769,19
DA:2770,12
DA:2772,19
DA:2774,52
DA:2775,12
DA:2776,6
DA:2777,8
DA:2778,4
DA:2779,8
DA:2780,8
DA:2782,8
DA:2784,90
DA:2785,12
DA:2786,6
DA:2787,14
DA:2788,7
DA:2789,19
DA:2790,13
DA:2792,19
DA:2794,52
DA:2795,12
DA:2796,6
DA:2797,8
DA:2798,4
DA:2799,8
DA:2800,8
DA:2802,8
DA:2804,86
DA:2805,10
DA:2806,5
DA:2807,14
DA:2808,7
DA:2809,19
DA:2810,12
DA:2812,19
DA:2814,52
DA:2815,12
DA:2816,6
DA:2817,8
DA:2818,4
DA:2819,8
DA:2820,8
DA:2822,8
DA:2824,96
DA:2825,12
DA:2826,6
DA:2827,14
DA:2828,7
DA:2829,19
DA:2830,16
DA:2832,19
DA:2834,52
DA:2835,12
DA:2836,6
DA:2837,8
DA:2838,4
DA:2839,8
DA:2840,8
DA:2842,8
DA:2844,86
DA:2845,10
DA:2846,5
DA:2847,14
DA:2848,7
DA:2849,19
DA:2850,12
DA:2852,19
DA:2854,52
DA:2855,12
DA:2856,6
DA:2857,8
DA:2858,4
DA:2859,8
DA:2860,8
DA:2862,8
DA:2864,88
DA:2865,12
DA:2866,6
DA:2867,14
DA:2868,7
DA:2869,19
DA:2870,12
DA:2872,19
DA:2874,52
DA:2875,12
DA:2876,6
DA:2877,8
DA:2878,4
DA:2879,8
DA:2880,8
DA:2882,8
DA:2884,86
DA:2885,10
DA:2886,5
DA:2887,14
DA:2888,7
DA:2889,19
DA:2890,12
DA:2892,19
DA:2894,52
DA:2895,12
DA:2896,6
DA:2897,8
DA:2898,4
DA:2899,8
DA:2900,8
DA:2902,8
DA:2904,98
DA:2905,12
DA:2906,6
DA:2907,14
DA:2908,7
DA:2909,19
DA:2910,17
DA:2912,19
DA:2914,52
DA:2915,12
DA:2916,6
DA:2917,8
DA:2918,4
DA:2919,8
DA:2920,8
DA:2922,8
DA:2924,86
DA:2925,10
DA:2926,5
DA:2927,14
DA:2928,7
DA:2929,19
DA:2930,12
DA:2932,19
DA:2934,52
DA:2935,12
DA:2936,6
DA:2937,8
DA:2938,4
DA:2939,8
DA:2940,8
DA:2942,8
DA:2944,96
DA:2945,12
DA:2946,6
DA:2947,14
DA:2948,7
DA:2949,19
DA:2950,16
DA:2952,19
DA:2954,52
DA:2955,12
DA:2956,6
DA:2957,8
DA:2958,4
DA:2959,8
DA:2960,8
DA:2962,8
DA:2964,86
DA:2965,10
DA:2966,5
DA:2967,14
DA:2968,7
DA:2969,19
DA:2970,12
DA:2972,19
DA:2974,52
DA:2975,12
DA:2976,6
DA:2977,8
DA:2978,4
DA:2979,8
DA:2980,8
DA:2982,8
DA:2984,96
DA:2985,12
DA:2986,6
DA:2987,14
DA:2988,7
DA:2989,19
DA:2990,16
DA:2992,19
DA:2994,52
DA:2995,12
DA:2996,6
DA:2997,8
DA:2998,4
DA:2999,8
DA:3000,8
DA:3002,8
DA:3004,86
DA:3005,10
DA:3006,5
DA:3007,14
DA:3008,7
DA:3009,19
DA:3010,12
DA:3012,19
DA:3014,52
DA:3015,12
DA:3016,6
DA:3017,8
DA:3018,4
DA:3019,8
DA:3020,8
DA:3022,8
DA:3024,88
DA:3025,12
DA:3026,6
DA:3027,14
DA:3028,7
DA:3029,19
DA:3030,12
DA:3032,19
DA:3034,52
DA:3035,12
DA:3036,6
DA:3037,8
DA:3038,4
DA:3039,8
DA:3040,8
DA:3042,8
DA:3044,86
DA:3045,10
DA:3046,5
DA:3047,14
DA:3048,7
DA:3049,19
DA:3050,12
DA:3052,19
DA:3054,52
DA:3055,12
DA:3056,6
DA:3057,8
DA:3058,4
DA:3059,8
DA:3060,8
DA:3062,8
DA:3064,96
DA:3065,12
DA:3066,6
DA:3067,14
DA:3068,7
DA:3069,19
DA:3070,16
DA:3072,19
DA:3074,52
DA:3075,12
DA:3076,6
DA:3077,8
DA:3078,4
DA:3079,8
DA:3080,8
DA:3082,8
DA:3084,86
DA:3085,10
DA:3086,5
DA:3087,14
DA:3088,7
DA:3089,19
DA:3090,12
DA:3092,19
DA:3094,52
DA:3095,12
DA:3096,6
DA:3097,8
DA:3098,4
DA:3099,8
DA:3100,8
DA:3102,8
DA:3104,88
DA:3105,12
DA:3106,6
DA:3107,14
DA:3108,7
DA:3109,19
DA:3110,12
DA:3112,19
DA:3114,52
DA:3115,12
DA:3116,6
DA:3117,8
DA:3118,4
DA:3119,8
DA:3120,8
DA:3122,8
DA:3124,86
DA:3125,10
DA:3126,5
DA:3127,14
DA:3128,7
DA:3129,19
DA:3130,12
DA:3132,19
DA:3134,52
DA:3135,12
DA:3136,6
DA:3137,8
DA:3138,4
DA:3139,8
DA:3140,8
DA:3142,8
DA:3144,96
DA:3145,12
DA:3146,6
DA:3147,14
DA:3148,7
DA:3149,19
DA:3150,16
DA:3152,19
DA:3154,52
DA:3155,12
DA:3156,6
DA:3157,8
DA:3158,4
DA:3159,8
DA:3160,8
DA:3162,8
DA:3164,86
DA:3165,10
DA:3166,5
DA:3167,14
DA:3168,7
DA:3169,19
DA:3170,12
DA:3172,19
DA:3174,52
DA:3175,12
DA:3176,6
DA:3177,8
DA:3178,4
DA:3179,8
DA:3180,8
DA:3182,8
DA:3184,88
DA:3185,12
DA:3186,6
DA:3187,14
DA:3188,7
DA:3189,19
DA:3190,12
DA:3192,19
DA:3194,52
DA:3195,12
DA:3196,6
DA:3197,8
DA:3198,4
DA:3199,8
DA:3200,8
DA:3202,8
DA:3204,86
DA:3205,10
DA:3206,5
DA:3207,14
DA:3208,7
DA:3209,19
DA:3210,12
DA:3212,19
DA:3214,52
DA:3215,12
DA:3216,6
DA:3217,8
DA:3218,4
DA:3219,8
DA:3220,8
DA:3222,8
DA:3224,758
DA:3225,2892
DA:3226,1446
DA:3227,1446
DA:3228,1446
DA:3229,1446
DA:3230,1446
DA:3231,1446
DA:3232,1446
DA:3233,1446
DA:3234,1446
DA:3235,1446
DA:3236,1446
DA:3237,1446
DA:3238,1446
DA:3239,1446
DA:3240,1446
DA:3241,1446
DA:3242,1446
DA:3243,1446
DA:3244,1446
DA:3245,1446
DA:3246,1446
DA:3247,1446
DA:3248,1446
DA:3249,1446
DA:3250,1446
DA:3251,1446
DA:3252,1446
DA:3253,1446
DA:3254,1446
DA:3255,1446
DA:3256,1446
DA:3257,1446
DA:3258,1446
DA:3259,1446
DA:3260,1446
DA:3261,1446
DA:3262,1446
DA:3263,1446
DA:3264,1446
DA:3265,1446
DA:3266,1446
DA:3267,1446
DA:3268,1446
DA:3269,1446
DA:3270,1446
DA:3271,1446
DA:3272,1446
DA:3273,1446
DA:3274,1446
DA:3275,1446
DA:3276,1446
DA:3277,1446
DA:3278,1446
DA:3279,1446
DA:3280,1446
DA:3281,1446
DA:3282,1446
DA:3283,1446
DA:3284,1446
DA:3285,1446
DA:3286,1446
DA:3287,1446
DA:3288,1446
DA:3289,1446
DA:3290,1446
DA:3291,1446
DA:3292,1446
DA:3293,1446
DA:3294,1446
DA:3295,1446
DA:3296,1446
DA:3297,1446
DA:3298,1446
DA:3299,1446
DA:3300,1446
DA:3301,1446
DA:3302,1446
DA:3303,1446
DA:3304,1446
DA:3305,1446
DA:3306,1446
DA:3307,1446
DA:3308,1446
DA:3309,1446
DA:3310,1446
DA:3311,1446
DA:3312,1446
DA:3313,1446
DA:3314,1446
DA:3315,1446
DA:3316,1446
DA:3317,1446
DA:3318,0
DA:3319,19
DA:3320,19
DA:3329,2
DA:3441,0
DA:3442,1
DA:3443,1
DA:3444,1
DA:3445,1
DA:3446,1
DA:3447,1
DA:3448,1
DA:3449,1
DA:3450,1
DA:3451,1
DA:3452,1
DA:3453,1
DA:3454,1
DA:3455,1
DA:3456,1
DA:3457,1
DA:3458,1
DA:3459,1
DA:3460,1
DA:3461,1
DA:3462,1
DA:3463,1
DA:3464,1
DA:3465,1
DA:3466,1
DA:3467,1
DA:3468,1
DA:3469,1
DA:3470,1
DA:3471,1
DA:3472,1
DA:3473,1
DA:3474,1
DA:3475,1
DA:3476,1
DA:3477,1
DA:3478,1
DA:3479,1
DA:3480,1
DA:3481,1
DA:3482,1
DA:3483,1
DA:3484,1
DA:3485,1
DA:3486,1
DA:3487,1
DA:3488,1
DA:3489,1
DA:3490,1
DA:3491,1
DA:3492,1
DA:3493,1
DA:3494,1
DA:3495,1
DA:3496,1
DA:3497,1
DA:3498,1
DA:3499,1
DA:3500,1
DA:3501,1
DA:3502,1
DA:3503,1
DA:3504,1
DA:3505,1
DA:3506,1
end_of_record
SF:/home/lxt/env-xs-ov-00-bpu/out/picker_out_uFTB/FauFTB_top.sv
DA:3,4498
DA:4,51
DA:5,37
DA:6,2985
DA:7,2983
DA:8,2993
DA:9,2990
DA:10,3016
DA:11,3013
DA:12,2991
DA:13,3009
DA:14,40
DA:15,50
DA:16,56
DA:17,56
DA:18,134
DA:19,74
DA:20,4
DA:21,1
DA:22,2968
DA:23,46
DA:24,56
DA:25,39
DA:26,49
DA:27,55
DA:28,56
DA:29,143
DA:30,74
DA:31,3
DA:32,3
DA:33,2967
DA:34,47
DA:35,56
DA:36,39
DA:37,50
DA:38,55
DA:39,55
DA:40,143
DA:41,74
DA:42,4
DA:43,2
DA:44,2964
DA:45,46
DA:46,55
DA:47,39
DA:48,50
DA:49,56
DA:50,55
DA:51,141
DA:52,73
DA:53,3
DA:54,3
DA:55,2965
DA:56,56
DA:57,46
DA:58,55
DA:59,135
DA:60,4
DA:61,3
DA:62,2
DA:63,4
DA:64,2
DA:65,6
DA:66,8
DA:67,68
DA:68,2883
DA:69,4
DA:70,12
DA:71,4
DA:72,2
DA:73,3
DA:74,27
DA:75,3
DA:76,8
DA:77,3
DA:78,5
DA:79,1
DA:80,4
DA:81,3
DA:82,13
DA:83,11
DA:84,239
DA:85,4
DA:86,69
DA:346,2
DA:348,1
DA:351,8996
DA:353,4498
DA:356,6
DA:358,3
DA:361,104
DA:363,52
DA:366,4498
DA:368,2249
DA:371,2
DA:373,1
DA:376,4392
DA:378,2196
DA:381,3054
DA:383,1527
DA:386,4392
DA:388,2196
DA:391,3054
DA:393,1527
DA:396,4392
DA:398,2196
DA:401,3054
DA:403,1527
DA:406,4392
DA:408,2196
DA:411,3054
DA:413,1527
DA:416,13390
DA:418,6695
DA:421,0
DA:423,0
DA:426,13390
DA:428,6695
DA:431,0
DA:433,0
DA:436,13390
DA:438,6695
DA:441,0
DA:443,0
DA:446,13390
DA:448,6695
DA:451,0
DA:453,0
DA:456,15766
DA:458,7883
DA:461,0
DA:463,0
DA:466,15766
DA:468,7883
DA:471,0
DA:473,0
DA:476,15766
DA:478,7883
DA:481,0
DA:483,0
DA:486,15766
DA:488,7883
DA:491,0
DA:493,0
DA:496,8998
DA:498,4499
DA:501,0
DA:503,0
DA:506,8998
DA:508,4499
DA:511,0
DA:513,0
DA:516,8998
DA:518,4499
DA:521,0
DA:523,0
DA:526,8998
DA:528,4499
DA:531,0
DA:533,0
DA:536,8998
DA:538,4499
DA:541,0
DA:543,0
DA:546,15766
DA:548,7883
DA:551,0
DA:553,0
DA:556,15766
DA:558,7883
DA:561,0
DA:563,0
DA:566,8998
DA:568,4499
DA:571,0
DA:573,0
DA:576,8998
DA:578,4499
DA:581,0
DA:583,0
DA:586,8998
DA:588,4499
DA:591,0
DA:593,0
DA:596,8998
DA:598,4499
DA:601,0
DA:603,0
DA:606,8998
DA:608,4499
DA:611,0
DA:613,0
DA:616,8998
DA:618,4499
DA:621,0
DA:623,0
DA:626,8998
DA:628,4499
DA:631,0
DA:633,0
DA:636,8998
DA:638,4499
DA:641,0
DA:643,0
DA:646,8998
DA:648,4499
DA:651,0
DA:653,0
DA:656,8998
DA:658,4499
DA:661,0
DA:663,0
DA:666,8998
DA:668,4499
DA:671,0
DA:673,0
DA:676,8998
DA:678,4499
DA:681,0
DA:683,0
DA:686,8998
DA:688,4499
DA:691,0
DA:693,0
DA:696,8998
DA:698,4499
DA:701,0
DA:703,0
DA:706,8998
DA:708,4499
DA:711,0
DA:713,0
DA:716,8998
DA:718,4499
DA:721,0
DA:723,0
DA:726,8998
DA:728,4499
DA:731,0
DA:733,0
DA:736,8998
DA:738,4499
DA:741,0
DA:743,0
DA:746,8998
DA:748,4499
DA:751,0
DA:753,0
DA:756,8998
DA:758,4499
DA:761,0
DA:763,0
DA:766,8998
DA:768,4499
DA:771,0
DA:773,0
DA:776,8998
DA:778,4499
DA:781,0
DA:783,0
DA:786,13390
DA:788,6695
DA:791,0
DA:793,0
DA:796,13390
DA:798,6695
DA:801,0
DA:803,0
DA:806,13390
DA:808,6695
DA:811,0
DA:813,0
DA:816,13390
DA:818,6695
DA:821,0
DA:823,0
DA:826,13390
DA:828,6695
DA:831,0
DA:833,0
DA:836,13390
DA:838,6695
DA:841,0
DA:843,0
DA:846,13390
DA:848,6695
DA:851,0
DA:853,0
DA:856,13390
DA:858,6695
DA:861,0
DA:863,0
DA:866,13390
DA:868,6695
DA:871,0
DA:873,0
DA:876,20158
DA:878,10079
DA:881,0
DA:883,0
DA:886,13390
DA:888,6695
DA:891,0
DA:893,0
DA:896,13390
DA:898,6695
DA:901,0
DA:903,0
DA:906,13390
DA:908,6695
DA:911,0
DA:913,0
DA:916,4498
DA:918,2249
DA:921,8
DA:923,4
DA:926,4398
DA:928,2199
DA:931,6
DA:933,3
DA:936,4392
DA:938,2196
DA:941,6
DA:943,3
DA:946,4392
DA:948,2196
DA:951,6
DA:953,3
DA:956,4392
DA:958,2196
DA:961,6
DA:963,3
DA:966,4398
DA:968,2199
DA:971,10
DA:973,5
DA:976,4398
DA:978,2199
DA:981,14
DA:983,7
DA:986,4498
DA:988,2249
DA:991,134
DA:993,67
DA:996,4498
DA:998,2249
DA:1001,2938
DA:1003,1469
DA:1006,4498
DA:1008,2249
DA:1011,4
DA:1013,2
DA:1016,4498
DA:1018,2249
DA:1021,8
DA:1023,4
DA:1026,4498
DA:1028,2249
DA:1031,8
DA:1033,4
DA:1036,4498
DA:1038,2249
DA:1041,4
DA:1043,2
DA:1046,4498
DA:1048,2249
DA:1051,2
DA:1053,1
DA:1056,4498
DA:1058,2249
DA:1061,14
DA:1063,7
DA:1066,4498
DA:1068,2249
DA:1071,2
DA:1073,1
DA:1076,4498
DA:1078,2249
DA:1081,14
DA:1083,7
DA:1086,4498
DA:1088,2249
DA:1091,4
DA:1093,2
DA:1096,4498
DA:1098,2249
DA:1101,2
DA:1103,1
DA:1106,4498
DA:1108,2249
DA:1111,2
DA:1113,1
DA:1116,4498
DA:1118,2249
DA:1121,6
DA:1123,3
DA:1126,4498
DA:1128,2249
DA:1131,6
DA:1133,3
DA:1136,4498
DA:1138,2249
DA:1141,24
DA:1143,12
DA:1146,4498
DA:1148,2249
DA:1151,24
DA:1153,12
DA:1156,4498
DA:1158,2249
DA:1161,2
DA:1163,1
DA:1166,8998
DA:1168,4499
DA:1171,0
DA:1173,0
DA:1176,8998
DA:1178,4499
DA:1181,0
DA:1183,0
DA:1188,2
DA:1189,1
DA:1190,1
end_of_record
